mode: set
PeopleFlow/backend/db/mongodb.go:23.24,25.48 1 0
PeopleFlow/backend/db/mongodb.go:25.48,27.3 1 0
PeopleFlow/backend/db/mongodb.go:29.2,37.16 5 0
PeopleFlow/backend/db/mongodb.go:37.16,40.3 2 0
PeopleFlow/backend/db/mongodb.go:43.2,44.16 2 0
PeopleFlow/backend/db/mongodb.go:44.16,47.3 2 0
PeopleFlow/backend/db/mongodb.go:49.2,53.50 3 0
PeopleFlow/backend/db/mongodb.go:53.50,56.3 1 0
PeopleFlow/backend/db/mongodb.go:58.2,58.12 1 0
PeopleFlow/backend/db/mongodb.go:62.61,64.2 1 0
PeopleFlow/backend/db/mongodb.go:67.27,71.49 3 0
PeopleFlow/backend/db/mongodb.go:71.49,74.3 2 0
PeopleFlow/backend/db/mongodb.go:76.2,77.12 2 0
PeopleFlow/backend/db/mongodb.go:81.38,90.16 6 0
PeopleFlow/backend/db/mongodb.go:90.16,94.3 2 0
PeopleFlow/backend/db/mongodb.go:96.2,99.76 2 0
PeopleFlow/backend/db/mongodb.go:99.76,101.3 1 0
PeopleFlow/backend/db/mongodb.go:104.2,104.80 1 0
PeopleFlow/backend/db/mongodb.go:104.80,106.3 1 0
PeopleFlow/backend/db/mongodb.go:109.2,114.16 2 0
PeopleFlow/backend/db/mongodb.go:114.16,116.3 1 0
PeopleFlow/backend/db/mongodb.go:118.2,119.12 2 0
PeopleFlow/backend/db/mongodb.go:123.70,128.16 3 0
PeopleFlow/backend/db/mongodb.go:128.16,130.3 1 0
PeopleFlow/backend/db/mongodb.go:131.2,134.23 3 0
PeopleFlow/backend/db/mongodb.go:134.23,136.45 2 0
PeopleFlow/backend/db/mongodb.go:136.45,137.12 1 0
PeopleFlow/backend/db/mongodb.go:141.3,142.25 2 0
PeopleFlow/backend/db/mongodb.go:142.25,143.12 1 0
PeopleFlow/backend/db/mongodb.go:147.3,150.31 2 0
PeopleFlow/backend/db/mongodb.go:150.31,159.18 2 0
PeopleFlow/backend/db/mongodb.go:159.18,161.5 1 0
PeopleFlow/backend/db/mongodb.go:161.10,163.5 1 0
PeopleFlow/backend/db/mongodb.go:167.2,167.21 1 0
PeopleFlow/backend/db/mongodb.go:167.21,169.3 1 0
PeopleFlow/backend/db/mongodb.go:171.2,171.21 1 0
PeopleFlow/backend/background/background_worker.go:21.26,26.2 1 0
PeopleFlow/backend/background/background_worker.go:29.26,30.15 1 0
PeopleFlow/backend/background/background_worker.go:30.15,32.3 1 0
PeopleFlow/backend/background/background_worker.go:34.2,35.12 2 0
PeopleFlow/backend/background/background_worker.go:39.25,40.16 1 0
PeopleFlow/backend/background/background_worker.go:40.16,42.3 1 0
PeopleFlow/backend/background/background_worker.go:44.2,45.26 2 0
PeopleFlow/backend/background/background_worker.go:49.24,61.6 6 0
PeopleFlow/backend/background/background_worker.go:61.6,62.10 1 0
PeopleFlow/backend/background/background_worker.go:63.19,65.30 1 0
PeopleFlow/backend/background/background_worker.go:66.24,68.31 1 0
PeopleFlow/backend/background/background_worker.go:69.21,71.10 2 0
PeopleFlow/backend/background/background_worker.go:77.43,82.61 3 0
PeopleFlow/backend/background/background_worker.go:82.61,86.72 2 0
PeopleFlow/backend/background/background_worker.go:86.72,88.4 1 0
PeopleFlow/backend/background/background_worker.go:88.9,90.4 1 0
PeopleFlow/backend/background/background_worker.go:93.3,94.87 2 0
PeopleFlow/backend/background/background_worker.go:94.87,96.4 1 0
PeopleFlow/backend/background/background_worker.go:96.9,98.4 1 0
PeopleFlow/backend/background/background_worker.go:101.3,101.86 1 0
PeopleFlow/backend/background/background_worker.go:101.86,103.4 1 0
PeopleFlow/backend/background/background_worker.go:103.9,105.4 1 0
PeopleFlow/backend/background/background_worker.go:109.2,110.61 2 0
PeopleFlow/backend/background/background_worker.go:110.61,113.30 2 0
PeopleFlow/backend/background/background_worker.go:113.30,114.18 1 0
PeopleFlow/backend/background/background_worker.go:114.18,116.5 1 0
PeopleFlow/backend/background/background_worker.go:117.4,117.10 1 0
PeopleFlow/backend/background/background_worker.go:120.3,124.17 3 0
PeopleFlow/backend/background/background_worker.go:124.17,127.4 2 0
PeopleFlow/backend/background/background_worker.go:130.3,134.76 3 0
PeopleFlow/backend/background/background_worker.go:134.76,136.4 1 0
PeopleFlow/backend/background/background_worker.go:136.9,138.4 1 0
PeopleFlow/backend/background/background_worker.go:141.3,141.97 1 0
PeopleFlow/backend/background/background_worker.go:141.97,143.4 1 0
PeopleFlow/backend/background/background_worker.go:143.9,145.4 1 0
PeopleFlow/backend/background/background_worker.go:148.3,148.100 1 0
PeopleFlow/backend/background/background_worker.go:148.100,150.4 1 0
PeopleFlow/backend/background/background_worker.go:150.9,152.4 1 0
PeopleFlow/backend/background/background_worker.go:155.2,155.59 1 0
PeopleFlow/backend/background/background_worker.go:159.44,163.54 2 0
PeopleFlow/backend/background/background_worker.go:163.54,165.3 1 0
PeopleFlow/backend/background/background_worker.go:168.2,169.50 1 0
PeopleFlow/backend/background/background_worker.go:169.50,171.3 1 0
PeopleFlow/backend/background/background_worker.go:173.2,177.39 3 0
PeopleFlow/backend/background/background_worker.go:177.39,180.3 2 0
PeopleFlow/backend/background/background_worker.go:183.2,185.16 3 0
PeopleFlow/backend/background/background_worker.go:185.16,188.3 2 0
PeopleFlow/backend/background/background_worker.go:191.2,203.37 8 0
PeopleFlow/backend/background/background_worker.go:203.37,204.27 1 0
PeopleFlow/backend/background/background_worker.go:204.27,206.12 2 0
PeopleFlow/backend/background/background_worker.go:210.3,211.17 2 0
PeopleFlow/backend/background/background_worker.go:211.17,214.12 3 0
PeopleFlow/backend/background/background_worker.go:218.3,222.17 3 0
PeopleFlow/backend/background/background_worker.go:222.17,226.4 2 0
PeopleFlow/backend/background/background_worker.go:226.9,230.4 2 0
PeopleFlow/backend/background/background_worker.go:234.2,236.89 2 0
PeopleFlow/backend/background/background_worker.go:240.75,247.38 3 0
PeopleFlow/backend/background/background_worker.go:247.38,251.3 2 0
PeopleFlow/backend/background/background_worker.go:253.2,256.19 2 0
PeopleFlow/backend/background/background_worker.go:256.19,258.3 1 0
PeopleFlow/backend/background/background_worker.go:260.2,260.32 1 0
PeopleFlow/backend/router.go:20.48,21.18 1 0
PeopleFlow/backend/router.go:21.18,23.3 1 0
PeopleFlow/backend/router.go:23.8,23.24 1 0
PeopleFlow/backend/router.go:23.24,25.3 1 0
PeopleFlow/backend/router.go:25.8,25.26 1 0
PeopleFlow/backend/router.go:25.26,27.3 1 0
PeopleFlow/backend/router.go:27.8,27.24 1 0
PeopleFlow/backend/router.go:27.24,29.3 1 0
PeopleFlow/backend/router.go:30.2,30.18 1 0
PeopleFlow/backend/router.go:34.61,36.38 2 0
PeopleFlow/backend/router.go:36.38,40.24 3 0
PeopleFlow/backend/router.go:41.40,43.50 1 0
PeopleFlow/backend/router.go:44.42,46.50 1 0
PeopleFlow/backend/router.go:47.44,49.50 1 0
PeopleFlow/backend/router.go:50.43,52.50 1 0
PeopleFlow/backend/router.go:53.11,54.34 1 0
PeopleFlow/backend/router.go:57.3,63.5 1 0
PeopleFlow/backend/router.go:65.2,65.18 1 0
PeopleFlow/backend/router.go:69.43,71.39 1 0
PeopleFlow/backend/router.go:71.39,72.47 1 0
PeopleFlow/backend/router.go:76.2,76.44 1 0
PeopleFlow/backend/router.go:76.44,79.38 2 0
PeopleFlow/backend/router.go:79.38,82.18 2 0
PeopleFlow/backend/router.go:82.18,86.5 2 0
PeopleFlow/backend/router.go:90.3,93.5 1 0
PeopleFlow/backend/router.go:96.2,112.2 11 0
PeopleFlow/backend/router.go:112.2,119.40 4 0
PeopleFlow/backend/router.go:119.40,121.4 1 0
PeopleFlow/backend/router.go:124.3,124.53 1 0
PeopleFlow/backend/router.go:124.53,147.42 9 0
PeopleFlow/backend/router.go:147.42,150.19 2 0
PeopleFlow/backend/router.go:150.19,154.6 2 0
PeopleFlow/backend/router.go:157.5,161.37 3 0
PeopleFlow/backend/router.go:161.37,162.34 1 0
PeopleFlow/backend/router.go:162.34,164.7 1 0
PeopleFlow/backend/router.go:166.5,171.47 4 0
PeopleFlow/backend/router.go:171.47,174.47 1 0
PeopleFlow/backend/router.go:174.47,176.7 1 0
PeopleFlow/backend/router.go:180.5,180.35 1 0
PeopleFlow/backend/router.go:180.35,182.6 1 0
PeopleFlow/backend/router.go:185.5,185.40 1 0
PeopleFlow/backend/router.go:185.40,187.6 1 0
PeopleFlow/backend/router.go:190.5,200.47 2 0
PeopleFlow/backend/router.go:200.47,201.39 1 0
PeopleFlow/backend/router.go:201.39,203.7 1 0
PeopleFlow/backend/router.go:207.5,207.32 1 0
PeopleFlow/backend/router.go:207.32,209.6 1 0
PeopleFlow/backend/router.go:211.5,212.11 2 0
PeopleFlow/backend/router.go:216.4,217.18 2 0
PeopleFlow/backend/router.go:217.18,219.5 1 0
PeopleFlow/backend/router.go:221.4,225.40 3 0
PeopleFlow/backend/router.go:225.40,235.38 5 0
PeopleFlow/backend/router.go:235.38,236.43 1 0
PeopleFlow/backend/router.go:236.43,237.40 1 0
PeopleFlow/backend/router.go:237.40,248.8 1 0
PeopleFlow/backend/router.go:253.5,254.121 2 0
PeopleFlow/backend/router.go:254.121,256.20 2 0
PeopleFlow/backend/router.go:256.20,257.39 1 0
PeopleFlow/backend/router.go:257.39,260.22 2 0
PeopleFlow/backend/router.go:260.22,273.9 1 0
PeopleFlow/backend/router.go:279.5,283.38 4 0
PeopleFlow/backend/router.go:283.38,285.45 1 0
PeopleFlow/backend/router.go:285.45,287.56 1 0
PeopleFlow/backend/router.go:287.56,299.8 1 0
PeopleFlow/backend/router.go:303.6,303.45 1 0
PeopleFlow/backend/router.go:303.45,306.48 1 0
PeopleFlow/backend/router.go:306.48,316.8 1 0
PeopleFlow/backend/router.go:321.5,321.55 1 0
PeopleFlow/backend/router.go:321.55,325.6 3 0
PeopleFlow/backend/router.go:327.5,327.59 1 0
PeopleFlow/backend/router.go:327.59,331.6 3 0
PeopleFlow/backend/router.go:334.5,363.39 5 0
PeopleFlow/backend/router.go:363.39,365.6 1 0
PeopleFlow/backend/router.go:367.5,368.11 2 0
PeopleFlow/backend/router.go:373.4,382.37 6 0
PeopleFlow/backend/router.go:382.37,383.33 1 0
PeopleFlow/backend/router.go:383.33,387.38 3 0
PeopleFlow/backend/router.go:387.38,388.35 1 0
PeopleFlow/backend/router.go:388.35,390.8 1 0
PeopleFlow/backend/router.go:393.6,396.27 3 0
PeopleFlow/backend/router.go:396.27,402.7 1 0
PeopleFlow/backend/router.go:407.4,407.54 1 0
PeopleFlow/backend/router.go:407.54,409.5 1 0
PeopleFlow/backend/router.go:412.4,412.35 1 0
PeopleFlow/backend/router.go:412.35,414.5 1 0
PeopleFlow/backend/router.go:417.4,422.37 5 0
PeopleFlow/backend/router.go:422.37,423.42 1 0
PeopleFlow/backend/router.go:423.42,425.39 1 0
PeopleFlow/backend/router.go:425.39,436.7 1 0
PeopleFlow/backend/router.go:439.6,441.38 1 0
PeopleFlow/backend/router.go:441.38,442.33 1 0
PeopleFlow/backend/router.go:442.33,444.8 1 0
PeopleFlow/backend/router.go:444.13,446.8 1 0
PeopleFlow/backend/router.go:452.4,453.84 2 0
PeopleFlow/backend/router.go:453.84,455.19 2 0
PeopleFlow/backend/router.go:455.19,456.38 1 0
PeopleFlow/backend/router.go:456.38,459.21 2 0
PeopleFlow/backend/router.go:459.21,472.8 1 0
PeopleFlow/backend/router.go:478.4,482.37 4 0
PeopleFlow/backend/router.go:482.37,484.44 1 0
PeopleFlow/backend/router.go:484.44,486.55 1 0
PeopleFlow/backend/router.go:486.55,498.7 1 0
PeopleFlow/backend/router.go:502.5,502.44 1 0
PeopleFlow/backend/router.go:502.44,505.47 1 0
PeopleFlow/backend/router.go:505.47,515.7 1 0
PeopleFlow/backend/router.go:520.4,520.54 1 0
PeopleFlow/backend/router.go:520.54,524.5 3 0
PeopleFlow/backend/router.go:526.4,526.58 1 0
PeopleFlow/backend/router.go:526.58,530.5 3 0
PeopleFlow/backend/router.go:533.4,533.52 1 0
PeopleFlow/backend/router.go:533.52,537.5 3 0
PeopleFlow/backend/router.go:540.4,541.28 2 0
PeopleFlow/backend/router.go:541.28,544.38 3 0
PeopleFlow/backend/router.go:544.38,545.43 1 0
PeopleFlow/backend/router.go:545.43,549.51 1 0
PeopleFlow/backend/router.go:549.51,551.8 1 0
PeopleFlow/backend/router.go:554.5,554.32 1 0
PeopleFlow/backend/router.go:558.4,560.28 3 0
PeopleFlow/backend/router.go:560.28,567.5 3 0
PeopleFlow/backend/router.go:570.4,574.37 3 0
PeopleFlow/backend/router.go:574.37,575.49 1 0
PeopleFlow/backend/router.go:575.49,577.20 2 0
PeopleFlow/backend/router.go:577.20,579.7 1 0
PeopleFlow/backend/router.go:580.6,580.30 1 0
PeopleFlow/backend/router.go:584.4,586.46 3 0
PeopleFlow/backend/router.go:586.46,589.5 2 0
PeopleFlow/backend/router.go:592.4,616.32 2 0
PeopleFlow/backend/router.go:616.32,618.5 1 0
PeopleFlow/backend/router.go:620.4,620.55 1 0
PeopleFlow/backend/router.go:624.3,770.3 99 0
PeopleFlow/backend/router.go:770.3,774.4 2 0
PeopleFlow/backend/utils/crypto.go:22.32,24.15 2 0
PeopleFlow/backend/utils/crypto.go:24.15,26.3 1 0
PeopleFlow/backend/utils/crypto.go:27.2,27.12 1 0
PeopleFlow/backend/utils/crypto.go:31.54,33.16 2 0
PeopleFlow/backend/utils/crypto.go:33.16,35.3 1 0
PeopleFlow/backend/utils/crypto.go:38.2,40.56 3 0
PeopleFlow/backend/utils/crypto.go:40.56,42.3 1 0
PeopleFlow/backend/utils/crypto.go:45.2,49.59 3 0
PeopleFlow/backend/utils/crypto.go:53.54,55.16 2 0
PeopleFlow/backend/utils/crypto.go:55.16,57.3 1 0
PeopleFlow/backend/utils/crypto.go:59.2,60.16 2 0
PeopleFlow/backend/utils/crypto.go:60.16,62.3 1 0
PeopleFlow/backend/utils/crypto.go:65.2,65.37 1 0
PeopleFlow/backend/utils/crypto.go:65.37,67.3 1 0
PeopleFlow/backend/utils/crypto.go:70.2,77.32 5 0
PeopleFlow/backend/utils/ensure_upload_dir.go:8.36,10.54 2 0
PeopleFlow/backend/utils/ensure_upload_dir.go:10.54,12.3 1 0
PeopleFlow/backend/utils/ensure_upload_dir.go:13.2,13.12 1 0
PeopleFlow/backend/utils/jwt.go:18.55,35.16 4 0
PeopleFlow/backend/utils/jwt.go:35.16,37.3 1 0
PeopleFlow/backend/utils/jwt.go:39.2,39.25 1 0
PeopleFlow/backend/utils/jwt.go:43.55,45.104 1 0
PeopleFlow/backend/utils/jwt.go:45.104,47.3 1 0
PeopleFlow/backend/utils/jwt.go:49.2,49.16 1 0
PeopleFlow/backend/utils/jwt.go:49.16,51.3 1 0
PeopleFlow/backend/utils/jwt.go:54.2,54.61 1 0
PeopleFlow/backend/utils/jwt.go:54.61,56.3 1 0
PeopleFlow/backend/utils/jwt.go:58.2,58.37 1 0
PeopleFlow/backend/utils/logger.go:35.44,37.22 2 0
PeopleFlow/backend/utils/logger.go:38.21,39.26 1 0
PeopleFlow/backend/utils/logger.go:40.20,41.25 1 0
PeopleFlow/backend/utils/logger.go:42.20,43.25 1 0
PeopleFlow/backend/utils/logger.go:44.21,45.26 1 0
PeopleFlow/backend/utils/logger.go:48.2,51.61 1 0
PeopleFlow/backend/utils/logger.go:51.61,53.31 1 0
PeopleFlow/backend/utils/logger.go:53.31,54.55 1 0
PeopleFlow/backend/utils/logger.go:54.55,56.6 1 0
PeopleFlow/backend/utils/logger.go:58.4,58.12 1 0
PeopleFlow/backend/utils/logger.go:62.2,66.23 3 0
PeopleFlow/backend/utils/logger.go:66.23,68.17 2 0
PeopleFlow/backend/utils/logger.go:68.17,70.4 1 0
PeopleFlow/backend/utils/logger.go:71.3,71.16 1 0
PeopleFlow/backend/utils/logger.go:74.2,74.29 1 0
PeopleFlow/backend/utils/logger.go:74.29,76.3 1 0
PeopleFlow/backend/utils/logger.go:76.8,78.3 1 0
PeopleFlow/backend/utils/logger.go:80.2,87.12 5 0
PeopleFlow/backend/utils/logger.go:91.31,92.26 1 0
PeopleFlow/backend/utils/logger.go:92.26,98.3 1 0
PeopleFlow/backend/utils/logger.go:99.2,99.22 1 0
PeopleFlow/backend/utils/logger.go:103.35,104.23 1 0
PeopleFlow/backend/utils/logger.go:104.23,109.3 1 0
PeopleFlow/backend/utils/logger.go:110.2,110.19 1 0
PeopleFlow/backend/utils/logger.go:114.54,118.54 2 0
PeopleFlow/backend/utils/logger.go:118.54,120.3 1 0
PeopleFlow/backend/utils/logger.go:123.2,123.52 1 0
PeopleFlow/backend/utils/logger.go:123.52,125.3 1 0
PeopleFlow/backend/utils/logger.go:128.2,128.54 1 0
PeopleFlow/backend/utils/logger.go:128.54,130.3 1 0
PeopleFlow/backend/utils/logger.go:132.2,132.15 1 0
PeopleFlow/backend/utils/logger.go:136.73,140.49 2 0
PeopleFlow/backend/utils/logger.go:140.49,145.3 1 0
PeopleFlow/backend/utils/logger.go:147.2,148.29 2 0
PeopleFlow/backend/utils/logger.go:152.61,155.2 2 0
PeopleFlow/backend/utils/logger.go:158.62,161.2 2 0
PeopleFlow/backend/utils/logger.go:164.61,167.2 2 0
PeopleFlow/backend/utils/logger.go:170.129,180.16 4 0
PeopleFlow/backend/utils/logger.go:180.16,183.3 2 0
PeopleFlow/backend/utils/logger.go:183.8,185.3 1 0
PeopleFlow/backend/utils/logger.go:189.117,201.43 5 0
PeopleFlow/backend/utils/logger.go:201.43,203.3 1 0
PeopleFlow/backend/utils/logger.go:203.8,203.30 1 0
PeopleFlow/backend/utils/logger.go:203.30,205.3 1 0
PeopleFlow/backend/utils/logger.go:207.2,207.53 1 0
PeopleFlow/backend/utils/logger.go:211.116,221.13 4 0
PeopleFlow/backend/utils/logger.go:221.13,223.3 1 0
PeopleFlow/backend/utils/logger.go:223.8,225.3 1 0
PeopleFlow/backend/utils/logger.go:237.88,244.2 1 0
PeopleFlow/backend/utils/logger.go:247.47,257.30 4 0
PeopleFlow/backend/utils/logger.go:257.30,259.3 1 0
PeopleFlow/backend/utils/logger.go:259.8,261.3 1 0
PeopleFlow/backend/utils/logger.go:265.67,276.2 4 0
PeopleFlow/backend/utils/logger.go:279.42,280.42 1 0
PeopleFlow/backend/utils/logger.go:280.42,281.48 1 0
PeopleFlow/backend/utils/logger.go:281.48,283.4 1 0
PeopleFlow/backend/utils/logger.go:285.2,285.17 1 0
PeopleFlow/backend/utils/logger.go:298.38,300.2 1 0
PeopleFlow/backend/utils/logger.go:303.99,311.2 1 0
PeopleFlow/backend/utils/logger.go:314.123,322.28 3 0
PeopleFlow/backend/utils/logger.go:322.28,324.3 1 0
PeopleFlow/backend/utils/logger.go:326.2,328.18 2 0
PeopleFlow/backend/utils/template_helpers.go:12.42,14.21 2 0
PeopleFlow/backend/utils/template_helpers.go:14.21,16.3 1 0
PeopleFlow/backend/utils/template_helpers.go:18.2,18.21 1 0
PeopleFlow/backend/utils/template_helpers.go:18.21,19.24 1 0
PeopleFlow/backend/utils/template_helpers.go:19.24,21.4 1 0
PeopleFlow/backend/utils/template_helpers.go:22.3,22.13 1 0
PeopleFlow/backend/utils/template_helpers.go:26.2,29.52 3 0
PeopleFlow/backend/utils/template_helpers.go:33.41,35.44 1 0
PeopleFlow/backend/utils/template_helpers.go:35.44,37.4 1 0
PeopleFlow/backend/utils/template_helpers.go:38.45,40.4 1 0
PeopleFlow/backend/utils/template_helpers.go:41.49,43.4 1 0
PeopleFlow/backend/utils/template_helpers.go:44.45,46.19 2 0
PeopleFlow/backend/utils/template_helpers.go:46.19,48.5 1 0
PeopleFlow/backend/utils/template_helpers.go:49.4,50.47 2 0
PeopleFlow/backend/utils/template_helpers.go:50.47,53.5 2 0
PeopleFlow/backend/utils/template_helpers.go:54.4,54.77 1 0
PeopleFlow/backend/utils/template_helpers.go:56.36,58.31 2 0
PeopleFlow/backend/utils/template_helpers.go:58.31,60.5 1 0
PeopleFlow/backend/utils/template_helpers.go:61.4,61.12 1 0
PeopleFlow/backend/utils/template_helpers.go:63.45,64.26 1 0
PeopleFlow/backend/utils/template_helpers.go:65.13,66.30 1 0
PeopleFlow/backend/utils/template_helpers.go:66.30,68.6 1 0
PeopleFlow/backend/utils/template_helpers.go:69.17,70.34 1 0
PeopleFlow/backend/utils/template_helpers.go:70.34,72.6 1 0
PeopleFlow/backend/utils/template_helpers.go:73.5,73.30 1 0
PeopleFlow/backend/utils/template_helpers.go:73.30,75.6 1 0
PeopleFlow/backend/utils/template_helpers.go:77.4,77.12 1 0
PeopleFlow/backend/utils/template_helpers.go:79.50,80.26 1 0
PeopleFlow/backend/utils/template_helpers.go:81.13,82.30 1 0
PeopleFlow/backend/utils/template_helpers.go:82.30,84.6 1 0
PeopleFlow/backend/utils/template_helpers.go:85.17,86.34 1 0
PeopleFlow/backend/utils/template_helpers.go:86.34,88.6 1 0
PeopleFlow/backend/utils/template_helpers.go:89.5,89.30 1 0
PeopleFlow/backend/utils/template_helpers.go:89.30,91.6 1 0
PeopleFlow/backend/utils/template_helpers.go:93.4,93.12 1 0
PeopleFlow/backend/utils/template_helpers.go:95.50,96.26 1 0
PeopleFlow/backend/utils/template_helpers.go:97.13,98.30 1 0
PeopleFlow/backend/utils/template_helpers.go:98.30,100.6 1 0
PeopleFlow/backend/utils/template_helpers.go:101.17,102.34 1 0
PeopleFlow/backend/utils/template_helpers.go:102.34,104.6 1 0
PeopleFlow/backend/utils/template_helpers.go:105.5,105.30 1 0
PeopleFlow/backend/utils/template_helpers.go:105.30,107.6 1 0
PeopleFlow/backend/utils/template_helpers.go:109.4,109.12 1 0
PeopleFlow/backend/utils/template_helpers.go:111.44,114.26 2 0
PeopleFlow/backend/utils/template_helpers.go:115.13,116.21 1 0
PeopleFlow/backend/utils/template_helpers.go:117.17,118.12 1 0
PeopleFlow/backend/utils/template_helpers.go:119.12,120.13 1 0
PeopleFlow/backend/utils/template_helpers.go:123.4,123.26 1 0
PeopleFlow/backend/utils/template_helpers.go:124.13,125.21 1 0
PeopleFlow/backend/utils/template_helpers.go:126.17,127.12 1 0
PeopleFlow/backend/utils/template_helpers.go:128.12,129.13 1 0
PeopleFlow/backend/utils/template_helpers.go:132.4,132.15 1 0
PeopleFlow/backend/utils/template_helpers.go:132.15,134.5 1 0
PeopleFlow/backend/utils/template_helpers.go:135.4,135.18 1 0
PeopleFlow/backend/utils/template_helpers.go:137.34,139.4 1 0
PeopleFlow/backend/utils/template_helpers.go:140.37,142.4 1 0
PeopleFlow/backend/utils/template_helpers.go:143.38,145.4 1 0
PeopleFlow/backend/utils/template_helpers.go:146.37,148.4 1 0
PeopleFlow/backend/utils/template_helpers.go:149.38,151.4 1 0
PeopleFlow/backend/utils/template_helpers.go:152.37,154.4 1 0
PeopleFlow/backend/utils/template_helpers.go:155.38,157.4 1 0
PeopleFlow/backend/utils/template_helpers.go:158.37,160.4 1 0
PeopleFlow/backend/utils/template_helpers.go:161.37,163.4 1 0
PeopleFlow/backend/utils/template_helpers.go:164.27,166.4 1 0
PeopleFlow/backend/utils/template_helpers.go:167.36,170.4 2 0
PeopleFlow/backend/utils/template_helpers.go:171.42,172.25 1 0
PeopleFlow/backend/utils/template_helpers.go:173.13,174.14 1 0
PeopleFlow/backend/utils/template_helpers.go:174.14,176.6 1 0
PeopleFlow/backend/utils/template_helpers.go:177.5,177.13 1 0
PeopleFlow/backend/utils/template_helpers.go:178.17,179.14 1 0
PeopleFlow/backend/utils/template_helpers.go:179.14,181.6 1 0
PeopleFlow/backend/utils/template_helpers.go:182.5,182.13 1 0
PeopleFlow/backend/utils/template_helpers.go:183.12,184.13 1 0
PeopleFlow/backend/utils/template_helpers.go:189.41,195.4 1 0
PeopleFlow/backend/utils/template_helpers.go:197.43,199.4 1 0
PeopleFlow/backend/utils/template_helpers.go:201.44,203.4 1 0
PeopleFlow/backend/utils/template_helpers.go:205.44,207.4 1 0
PeopleFlow/backend/utils/template_helpers.go:209.41,211.4 1 0
PeopleFlow/backend/utils/template_helpers.go:213.36,215.4 1 0
PeopleFlow/backend/utils/template_helpers.go:217.36,219.4 1 0
PeopleFlow/backend/utils/template_helpers.go:224.42,228.24 2 0
PeopleFlow/backend/utils/template_helpers.go:229.11,230.19 1 0
PeopleFlow/backend/utils/template_helpers.go:231.13,232.19 1 0
PeopleFlow/backend/utils/template_helpers.go:233.13,234.19 1 0
PeopleFlow/backend/utils/template_helpers.go:235.15,236.19 1 0
PeopleFlow/backend/utils/template_helpers.go:237.15,238.10 1 0
PeopleFlow/backend/utils/template_helpers.go:239.10,240.11 1 0
PeopleFlow/backend/utils/template_helpers.go:244.2,244.24 1 0
PeopleFlow/backend/utils/template_helpers.go:245.11,246.19 1 0
PeopleFlow/backend/utils/template_helpers.go:247.13,248.19 1 0
PeopleFlow/backend/utils/template_helpers.go:249.13,250.19 1 0
PeopleFlow/backend/utils/template_helpers.go:251.15,252.19 1 0
PeopleFlow/backend/utils/template_helpers.go:253.15,254.10 1 0
PeopleFlow/backend/utils/template_helpers.go:255.10,256.11 1 0
PeopleFlow/backend/utils/template_helpers.go:260.2,260.13 1 0
PeopleFlow/backend/utils/template_helpers.go:260.13,262.3 1 0
PeopleFlow/backend/utils/template_helpers.go:262.8,262.20 1 0
PeopleFlow/backend/utils/template_helpers.go:262.20,264.3 1 0
PeopleFlow/backend/utils/template_helpers.go:265.2,265.10 1 0
PeopleFlow/backend/service/cost_service.go:13.36,15.2 1 0
PeopleFlow/backend/service/cost_service.go:19.87,21.32 2 0
PeopleFlow/backend/service/cost_service.go:21.32,22.136 1 0
PeopleFlow/backend/service/cost_service.go:22.136,24.4 1 0
PeopleFlow/backend/service/cost_service.go:28.2,31.18 3 0
PeopleFlow/backend/service/cost_service.go:35.97,36.24 1 0
PeopleFlow/backend/service/cost_service.go:36.24,38.3 1 0
PeopleFlow/backend/service/cost_service.go:39.2,39.43 1 0
PeopleFlow/backend/service/cost_service.go:43.86,62.2 2 0
PeopleFlow/backend/service/cost_service.go:65.97,68.32 2 0
PeopleFlow/backend/service/cost_service.go:68.32,70.21 2 0
PeopleFlow/backend/service/cost_service.go:70.21,73.4 1 0
PeopleFlow/backend/service/cost_service.go:74.3,74.30 1 0
PeopleFlow/backend/service/cost_service.go:78.2,81.43 3 0
PeopleFlow/backend/service/cost_service.go:81.43,84.3 2 0
PeopleFlow/backend/service/cost_service.go:87.2,87.22 1 0
PeopleFlow/backend/service/cost_service.go:87.22,90.3 2 0
PeopleFlow/backend/service/cost_service.go:92.2,92.21 1 0
PeopleFlow/backend/service/cost_service.go:96.101,100.32 2 0
PeopleFlow/backend/service/cost_service.go:100.32,101.136 1 0
PeopleFlow/backend/service/cost_service.go:101.136,104.22 2 0
PeopleFlow/backend/service/cost_service.go:104.22,107.5 1 0
PeopleFlow/backend/service/cost_service.go:110.4,111.42 2 0
PeopleFlow/backend/service/cost_service.go:116.2,119.42 3 0
PeopleFlow/backend/service/cost_service.go:119.42,122.3 2 0
PeopleFlow/backend/service/cost_service.go:125.2,125.27 1 0
PeopleFlow/backend/service/cost_service.go:125.27,128.3 2 0
PeopleFlow/backend/service/cost_service.go:130.2,130.27 1 0
PeopleFlow/backend/service/cost_service.go:134.95,141.32 4 0
PeopleFlow/backend/service/cost_service.go:141.32,143.31 1 0
PeopleFlow/backend/service/cost_service.go:143.31,144.12 1 0
PeopleFlow/backend/service/cost_service.go:148.3,152.82 2 0
PeopleFlow/backend/service/cost_service.go:152.82,154.4 1 0
PeopleFlow/backend/service/cost_service.go:157.3,157.10 1 0
PeopleFlow/backend/service/cost_service.go:158.17,159.15 1 0
PeopleFlow/backend/service/cost_service.go:160.17,161.15 1 0
PeopleFlow/backend/service/cost_service.go:162.17,163.15 1 0
PeopleFlow/backend/service/cost_service.go:164.17,165.15 1 0
PeopleFlow/backend/service/cost_service.go:166.11,167.15 1 0
PeopleFlow/backend/service/cost_service.go:172.2,172.45 1 0
PeopleFlow/backend/service/cost_service.go:172.45,174.3 1 0
PeopleFlow/backend/service/cost_service.go:176.2,176.26 1 0
PeopleFlow/backend/service/cost_service.go:180.96,188.32 3 0
PeopleFlow/backend/service/cost_service.go:188.32,189.42 1 0
PeopleFlow/backend/service/cost_service.go:189.42,191.56 1 0
PeopleFlow/backend/service/cost_service.go:191.56,193.48 1 0
PeopleFlow/backend/service/cost_service.go:193.48,200.6 2 0
PeopleFlow/backend/service/cost_service.go:206.2,206.22 1 0
PeopleFlow/backend/service/cost_service.go:206.22,208.43 1 0
PeopleFlow/backend/service/cost_service.go:208.43,212.4 3 0
PeopleFlow/backend/service/cost_service.go:215.3,215.23 1 0
PeopleFlow/backend/service/cost_service.go:215.23,217.4 1 0
PeopleFlow/backend/service/cost_service.go:223.2,223.16 1 0
PeopleFlow/backend/service/email_service.go:22.38,26.2 1 0
PeopleFlow/backend/service/email_service.go:36.80,38.16 2 0
PeopleFlow/backend/service/email_service.go:38.16,40.3 1 0
PeopleFlow/backend/service/email_service.go:42.2,42.35 1 0
PeopleFlow/backend/service/email_service.go:42.35,44.3 1 0
PeopleFlow/backend/service/email_service.go:46.2,57.12 7 0
PeopleFlow/backend/service/email_service.go:57.12,60.3 2 0
PeopleFlow/backend/service/email_service.go:60.8,62.3 1 0
PeopleFlow/backend/service/email_service.go:64.2,70.26 4 0
PeopleFlow/backend/service/email_service.go:70.26,72.3 1 0
PeopleFlow/backend/service/email_service.go:74.2,74.86 1 0
PeopleFlow/backend/service/email_service.go:78.115,87.16 3 0
PeopleFlow/backend/service/email_service.go:87.16,89.3 1 0
PeopleFlow/backend/service/email_service.go:90.2,94.16 3 0
PeopleFlow/backend/service/email_service.go:94.16,96.3 1 0
PeopleFlow/backend/service/email_service.go:97.2,100.17 2 0
PeopleFlow/backend/service/email_service.go:100.17,101.42 1 0
PeopleFlow/backend/service/email_service.go:101.42,103.4 1 0
PeopleFlow/backend/service/email_service.go:107.2,107.41 1 0
PeopleFlow/backend/service/email_service.go:107.41,109.3 1 0
PeopleFlow/backend/service/email_service.go:112.2,112.31 1 0
PeopleFlow/backend/service/email_service.go:112.31,113.47 1 0
PeopleFlow/backend/service/email_service.go:113.47,115.4 1 0
PeopleFlow/backend/service/email_service.go:119.2,120.16 2 0
PeopleFlow/backend/service/email_service.go:120.16,122.3 1 0
PeopleFlow/backend/service/email_service.go:124.2,125.16 2 0
PeopleFlow/backend/service/email_service.go:125.16,127.3 1 0
PeopleFlow/backend/service/email_service.go:129.2,130.16 2 0
PeopleFlow/backend/service/email_service.go:130.16,132.3 1 0
PeopleFlow/backend/service/email_service.go:134.2,134.12 1 0
PeopleFlow/backend/service/email_service.go:138.75,181.16 5 0
PeopleFlow/backend/service/email_service.go:181.16,183.3 1 0
PeopleFlow/backend/service/email_service.go:185.2,189.16 3 0
PeopleFlow/backend/service/email_service.go:189.16,191.3 1 0
PeopleFlow/backend/service/email_service.go:193.2,193.58 1 0
PeopleFlow/backend/service/email_service.go:197.153,256.16 4 0
PeopleFlow/backend/service/email_service.go:256.16,258.3 1 0
PeopleFlow/backend/service/email_service.go:260.2,268.16 3 0
PeopleFlow/backend/service/email_service.go:268.16,270.3 1 0
PeopleFlow/backend/service/email_service.go:272.2,272.67 1 0
PeopleFlow/backend/service/email_service.go:276.56,294.2 3 0
PeopleFlow/backend/service/email_service.go:297.50,299.16 2 0
PeopleFlow/backend/service/email_service.go:299.16,302.3 2 0
PeopleFlow/backend/service/email_service.go:304.2,304.37 1 0
PeopleFlow/backend/service/email_service.go:308.115,315.29 4 0
PeopleFlow/backend/service/email_service.go:316.14,317.62 1 0
PeopleFlow/backend/service/email_service.go:317.62,319.4 1 0
PeopleFlow/backend/service/email_service.go:319.9,322.4 1 0
PeopleFlow/backend/service/email_service.go:323.3,323.22 1 0
PeopleFlow/backend/service/email_service.go:324.26,326.22 2 0
PeopleFlow/backend/service/email_service.go:327.10,330.22 2 0
PeopleFlow/backend/service/email_service.go:333.2,343.16 2 0
PeopleFlow/backend/service/email_service.go:343.16,345.3 1 0
PeopleFlow/backend/service/erfasst123_service.go:28.48,32.2 1 0
PeopleFlow/backend/service/erfasst123_service.go:35.41,37.16 2 0
PeopleFlow/backend/service/erfasst123_service.go:37.16,40.3 1 0
PeopleFlow/backend/service/erfasst123_service.go:41.2,41.17 1 0
PeopleFlow/backend/service/erfasst123_service.go:45.44,56.2 4 0
PeopleFlow/backend/service/erfasst123_service.go:59.90,61.58 1 0
PeopleFlow/backend/service/erfasst123_service.go:61.58,63.3 1 0
PeopleFlow/backend/service/erfasst123_service.go:66.2,67.80 2 0
PeopleFlow/backend/service/erfasst123_service.go:67.80,69.3 1 0
PeopleFlow/backend/service/erfasst123_service.go:72.2,72.89 1 0
PeopleFlow/backend/service/erfasst123_service.go:72.89,74.3 1 0
PeopleFlow/backend/service/erfasst123_service.go:77.2,77.25 1 0
PeopleFlow/backend/service/erfasst123_service.go:77.25,80.17 2 0
PeopleFlow/backend/service/erfasst123_service.go:80.17,82.4 1 0
PeopleFlow/backend/service/erfasst123_service.go:84.3,84.103 1 0
PeopleFlow/backend/service/erfasst123_service.go:84.103,86.4 1 0
PeopleFlow/backend/service/erfasst123_service.go:87.8,90.101 2 0
PeopleFlow/backend/service/erfasst123_service.go:90.101,92.4 1 0
PeopleFlow/backend/service/erfasst123_service.go:96.2,96.67 1 0
PeopleFlow/backend/service/erfasst123_service.go:100.74,118.16 6 0
PeopleFlow/backend/service/erfasst123_service.go:118.16,120.3 1 0
PeopleFlow/backend/service/erfasst123_service.go:122.2,126.16 4 0
PeopleFlow/backend/service/erfasst123_service.go:126.16,128.3 1 0
PeopleFlow/backend/service/erfasst123_service.go:129.2,132.37 2 0
PeopleFlow/backend/service/erfasst123_service.go:132.37,134.3 1 0
PeopleFlow/backend/service/erfasst123_service.go:136.2,136.12 1 0
PeopleFlow/backend/service/erfasst123_service.go:140.70,142.16 2 0
PeopleFlow/backend/service/erfasst123_service.go:142.16,144.3 1 0
PeopleFlow/backend/service/erfasst123_service.go:147.2,148.21 2 0
PeopleFlow/backend/service/erfasst123_service.go:148.21,150.3 1 0
PeopleFlow/backend/service/erfasst123_service.go:152.2,152.32 1 0
PeopleFlow/backend/service/erfasst123_service.go:156.48,158.16 2 0
PeopleFlow/backend/service/erfasst123_service.go:158.16,160.3 1 0
PeopleFlow/backend/service/erfasst123_service.go:163.2,163.12 1 0
PeopleFlow/backend/service/erfasst123_service.go:163.12,165.17 2 0
PeopleFlow/backend/service/erfasst123_service.go:165.17,167.4 1 0
PeopleFlow/backend/service/erfasst123_service.go:170.3,170.59 1 0
PeopleFlow/backend/service/erfasst123_service.go:170.59,174.4 2 0
PeopleFlow/backend/service/erfasst123_service.go:177.2,177.15 1 0
PeopleFlow/backend/service/erfasst123_service.go:181.63,183.16 2 0
PeopleFlow/backend/service/erfasst123_service.go:183.16,185.3 1 0
PeopleFlow/backend/service/erfasst123_service.go:187.2,187.32 1 0
PeopleFlow/backend/service/erfasst123_service.go:191.61,193.13 2 0
PeopleFlow/backend/service/erfasst123_service.go:193.13,195.3 1 0
PeopleFlow/backend/service/erfasst123_service.go:197.2,197.72 1 0
PeopleFlow/backend/service/erfasst123_service.go:201.64,203.30 2 0
PeopleFlow/backend/service/erfasst123_service.go:203.30,206.3 1 0
PeopleFlow/backend/service/erfasst123_service.go:208.2,208.18 1 0
PeopleFlow/backend/service/erfasst123_service.go:212.65,215.16 2 0
PeopleFlow/backend/service/erfasst123_service.go:215.16,217.3 1 0
PeopleFlow/backend/service/erfasst123_service.go:219.2,219.77 1 0
PeopleFlow/backend/service/erfasst123_service.go:223.66,225.2 1 0
PeopleFlow/backend/service/erfasst123_service.go:228.77,230.16 2 0
PeopleFlow/backend/service/erfasst123_service.go:230.16,232.3 1 0
PeopleFlow/backend/service/erfasst123_service.go:234.2,235.16 2 0
PeopleFlow/backend/service/erfasst123_service.go:235.16,237.3 1 0
PeopleFlow/backend/service/erfasst123_service.go:239.2,240.16 2 0
PeopleFlow/backend/service/erfasst123_service.go:240.16,242.3 1 0
PeopleFlow/backend/service/erfasst123_service.go:244.2,249.8 1 0
PeopleFlow/backend/service/erfasst123_service.go:253.78,255.16 2 0
PeopleFlow/backend/service/erfasst123_service.go:255.16,257.3 1 0
PeopleFlow/backend/service/erfasst123_service.go:260.2,275.16 6 0
PeopleFlow/backend/service/erfasst123_service.go:275.16,277.3 1 0
PeopleFlow/backend/service/erfasst123_service.go:279.2,283.16 4 0
PeopleFlow/backend/service/erfasst123_service.go:283.16,285.3 1 0
PeopleFlow/backend/service/erfasst123_service.go:286.2,288.37 2 0
PeopleFlow/backend/service/erfasst123_service.go:288.37,290.3 1 0
PeopleFlow/backend/service/erfasst123_service.go:293.2,295.50 3 0
PeopleFlow/backend/service/erfasst123_service.go:295.50,297.3 1 0
PeopleFlow/backend/service/erfasst123_service.go:299.2,302.53 2 0
PeopleFlow/backend/service/erfasst123_service.go:302.53,304.37 1 0
PeopleFlow/backend/service/erfasst123_service.go:304.37,306.18 2 0
PeopleFlow/backend/service/erfasst123_service.go:306.18,309.5 1 0
PeopleFlow/backend/service/erfasst123_service.go:309.10,311.5 1 0
PeopleFlow/backend/service/erfasst123_service.go:315.3,315.73 1 0
PeopleFlow/backend/service/erfasst123_service.go:315.73,317.18 2 0
PeopleFlow/backend/service/erfasst123_service.go:317.18,320.5 1 0
PeopleFlow/backend/service/erfasst123_service.go:320.10,323.5 2 0
PeopleFlow/backend/service/erfasst123_service.go:328.2,333.41 3 0
PeopleFlow/backend/service/erfasst123_service.go:337.68,340.16 2 0
PeopleFlow/backend/service/erfasst123_service.go:340.16,342.3 1 0
PeopleFlow/backend/service/erfasst123_service.go:345.2,349.16 3 0
PeopleFlow/backend/service/erfasst123_service.go:349.16,351.3 1 0
PeopleFlow/backend/service/erfasst123_service.go:354.2,358.32 3 0
PeopleFlow/backend/service/erfasst123_service.go:358.32,359.28 1 0
PeopleFlow/backend/service/erfasst123_service.go:359.28,361.4 1 0
PeopleFlow/backend/service/erfasst123_service.go:365.2,368.47 2 0
PeopleFlow/backend/service/erfasst123_service.go:368.47,376.49 4 0
PeopleFlow/backend/service/erfasst123_service.go:376.49,377.60 1 0
PeopleFlow/backend/service/erfasst123_service.go:377.60,380.10 3 0
PeopleFlow/backend/service/erfasst123_service.go:384.3,384.13 1 0
PeopleFlow/backend/service/erfasst123_service.go:384.13,385.12 1 0
PeopleFlow/backend/service/erfasst123_service.go:389.3,396.53 3 0
PeopleFlow/backend/service/erfasst123_service.go:396.53,401.4 3 0
PeopleFlow/backend/service/erfasst123_service.go:404.3,404.86 1 0
PeopleFlow/backend/service/erfasst123_service.go:404.86,409.4 3 0
PeopleFlow/backend/service/erfasst123_service.go:412.3,412.14 1 0
PeopleFlow/backend/service/erfasst123_service.go:412.14,415.18 3 0
PeopleFlow/backend/service/erfasst123_service.go:415.18,418.13 2 0
PeopleFlow/backend/service/erfasst123_service.go:420.4,420.18 1 0
PeopleFlow/backend/service/erfasst123_service.go:424.2,425.26 2 0
PeopleFlow/backend/service/erfasst123_service.go:429.83,433.26 2 0
PeopleFlow/backend/service/erfasst123_service.go:433.26,435.17 2 0
PeopleFlow/backend/service/erfasst123_service.go:435.17,437.4 1 0
PeopleFlow/backend/service/erfasst123_service.go:441.3,441.97 1 0
PeopleFlow/backend/service/erfasst123_service.go:445.2,445.31 1 0
PeopleFlow/backend/service/erfasst123_service.go:445.31,447.17 2 0
PeopleFlow/backend/service/erfasst123_service.go:447.17,449.4 1 0
PeopleFlow/backend/service/erfasst123_service.go:450.3,450.40 1 0
PeopleFlow/backend/service/erfasst123_service.go:454.2,454.29 1 0
PeopleFlow/backend/service/erfasst123_service.go:454.29,456.17 2 0
PeopleFlow/backend/service/erfasst123_service.go:456.17,458.4 1 0
PeopleFlow/backend/service/erfasst123_service.go:459.3,459.36 1 0
PeopleFlow/backend/service/erfasst123_service.go:463.2,463.78 1 0
PeopleFlow/backend/service/erfasst123_service.go:463.78,467.29 2 0
PeopleFlow/backend/service/erfasst123_service.go:467.29,470.4 2 0
PeopleFlow/backend/service/erfasst123_service.go:473.2,473.12 1 0
PeopleFlow/backend/service/erfasst123_service.go:477.121,481.36 1 0
PeopleFlow/backend/service/erfasst123_service.go:481.36,484.22 2 0
PeopleFlow/backend/service/erfasst123_service.go:484.22,491.18 4 0
PeopleFlow/backend/service/erfasst123_service.go:491.18,495.41 1 0
PeopleFlow/backend/service/erfasst123_service.go:495.41,499.6 1 0
PeopleFlow/backend/service/erfasst123_service.go:503.4,506.58 2 0
PeopleFlow/backend/service/erfasst123_service.go:506.58,508.5 1 0
PeopleFlow/backend/service/erfasst123_service.go:511.4,512.27 2 0
PeopleFlow/backend/service/erfasst123_service.go:512.27,514.19 2 0
PeopleFlow/backend/service/erfasst123_service.go:514.19,516.6 1 0
PeopleFlow/backend/service/erfasst123_service.go:518.5,519.19 2 0
PeopleFlow/backend/service/erfasst123_service.go:519.19,521.6 1 0
PeopleFlow/backend/service/erfasst123_service.go:523.5,524.28 2 0
PeopleFlow/backend/service/erfasst123_service.go:524.28,526.6 1 0
PeopleFlow/backend/service/erfasst123_service.go:529.5,533.11 1 0
PeopleFlow/backend/service/erfasst123_service.go:539.2,544.33 2 0
PeopleFlow/backend/service/erfasst123_service.go:544.33,545.85 1 0
PeopleFlow/backend/service/erfasst123_service.go:545.85,552.4 1 0
PeopleFlow/backend/service/erfasst123_service.go:555.2,555.71 1 0
PeopleFlow/backend/service/erfasst123_service.go:559.103,561.16 2 0
PeopleFlow/backend/service/erfasst123_service.go:561.16,563.3 1 0
PeopleFlow/backend/service/erfasst123_service.go:566.2,604.16 8 0
PeopleFlow/backend/service/erfasst123_service.go:604.16,606.3 1 0
PeopleFlow/backend/service/erfasst123_service.go:609.2,614.16 3 0
PeopleFlow/backend/service/erfasst123_service.go:614.16,616.3 1 0
PeopleFlow/backend/service/erfasst123_service.go:618.2,622.16 4 0
PeopleFlow/backend/service/erfasst123_service.go:622.16,624.3 1 0
PeopleFlow/backend/service/erfasst123_service.go:625.2,628.16 3 0
PeopleFlow/backend/service/erfasst123_service.go:628.16,630.3 1 0
PeopleFlow/backend/service/erfasst123_service.go:632.2,632.37 1 0
PeopleFlow/backend/service/erfasst123_service.go:632.37,634.3 1 0
PeopleFlow/backend/service/erfasst123_service.go:637.2,638.21 2 0
PeopleFlow/backend/service/erfasst123_service.go:638.21,640.3 1 0
PeopleFlow/backend/service/erfasst123_service.go:640.8,642.3 1 0
PeopleFlow/backend/service/erfasst123_service.go:645.2,647.16 3 0
PeopleFlow/backend/service/erfasst123_service.go:647.16,649.3 1 0
PeopleFlow/backend/service/erfasst123_service.go:652.2,656.50 2 0
PeopleFlow/backend/service/erfasst123_service.go:656.50,657.12 1 0
PeopleFlow/backend/service/erfasst123_service.go:657.12,660.4 1 0
PeopleFlow/backend/service/erfasst123_service.go:665.2,667.43 2 0
PeopleFlow/backend/service/erfasst123_service.go:667.43,671.53 2 0
PeopleFlow/backend/service/erfasst123_service.go:671.53,673.12 2 0
PeopleFlow/backend/service/erfasst123_service.go:677.3,679.38 1 0
PeopleFlow/backend/service/erfasst123_service.go:679.38,681.4 1 0
PeopleFlow/backend/service/erfasst123_service.go:684.2,691.39 4 0
PeopleFlow/backend/service/erfasst123_service.go:695.52,697.34 1 0
PeopleFlow/backend/service/erfasst123_service.go:697.34,699.3 1 0
PeopleFlow/backend/service/erfasst123_service.go:702.2,702.51 1 0
PeopleFlow/backend/service/erfasst123_service.go:702.51,704.3 1 0
PeopleFlow/backend/service/erfasst123_service.go:706.2,706.47 1 0
PeopleFlow/backend/service/erfasst123_service.go:706.47,708.3 1 0
PeopleFlow/backend/service/erfasst123_service.go:711.2,711.34 1 0
PeopleFlow/backend/service/erfasst123_service.go:711.34,713.3 1 0
PeopleFlow/backend/service/erfasst123_service.go:715.2,715.13 1 0
PeopleFlow/backend/service/erfasst123_service.go:719.39,723.2 3 0
PeopleFlow/backend/service/erfasst123_service.go:725.134,728.45 2 0
PeopleFlow/backend/service/erfasst123_service.go:728.45,734.30 1 0
PeopleFlow/backend/service/erfasst123_service.go:734.30,736.4 1 0
PeopleFlow/backend/service/erfasst123_service.go:739.2,739.23 1 0
PeopleFlow/backend/service/erfasst123_service.go:743.111,745.42 1 0
PeopleFlow/backend/service/erfasst123_service.go:745.42,746.45 1 0
PeopleFlow/backend/service/erfasst123_service.go:746.45,748.4 1 0
PeopleFlow/backend/service/erfasst123_service.go:749.3,749.49 1 0
PeopleFlow/backend/service/erfasst123_service.go:752.2,756.32 4 0
PeopleFlow/backend/service/erfasst123_service.go:756.32,761.43 3 0
PeopleFlow/backend/service/erfasst123_service.go:761.43,763.45 1 0
PeopleFlow/backend/service/erfasst123_service.go:763.45,764.13 1 0
PeopleFlow/backend/service/erfasst123_service.go:768.4,770.41 1 0
PeopleFlow/backend/service/erfasst123_service.go:770.41,777.10 4 0
PeopleFlow/backend/service/erfasst123_service.go:781.4,781.90 1 0
PeopleFlow/backend/service/erfasst123_service.go:781.90,791.10 4 0
PeopleFlow/backend/service/erfasst123_service.go:795.3,795.34 1 0
PeopleFlow/backend/service/erfasst123_service.go:795.34,797.4 1 0
PeopleFlow/backend/service/erfasst123_service.go:800.2,800.50 1 0
PeopleFlow/backend/service/erfasst123_service.go:800.50,803.3 1 0
PeopleFlow/backend/service/erfasst123_service.go:805.2,805.23 1 0
PeopleFlow/backend/service/erfasst123_service.go:809.95,815.16 4 0
PeopleFlow/backend/service/erfasst123_service.go:815.16,817.3 1 0
PeopleFlow/backend/service/erfasst123_service.go:819.2,824.16 4 0
PeopleFlow/backend/service/erfasst123_service.go:824.16,826.3 1 0
PeopleFlow/backend/service/erfasst123_service.go:827.2,831.16 3 0
PeopleFlow/backend/service/erfasst123_service.go:831.16,833.3 1 0
PeopleFlow/backend/service/erfasst123_service.go:834.2,842.16 4 0
PeopleFlow/backend/service/erfasst123_service.go:842.16,844.3 1 0
PeopleFlow/backend/service/erfasst123_service.go:846.2,852.35 4 0
PeopleFlow/backend/service/erfasst123_service.go:852.35,856.29 3 0
PeopleFlow/backend/service/erfasst123_service.go:856.29,858.4 1 0
PeopleFlow/backend/service/erfasst123_service.go:862.2,871.42 5 0
PeopleFlow/backend/service/erfasst123_service.go:871.42,873.15 1 0
PeopleFlow/backend/service/erfasst123_service.go:873.15,881.4 5 0
PeopleFlow/backend/service/erfasst123_service.go:884.3,884.110 1 0
PeopleFlow/backend/service/erfasst123_service.go:884.110,887.12 2 0
PeopleFlow/backend/service/erfasst123_service.go:891.3,892.84 2 0
PeopleFlow/backend/service/erfasst123_service.go:892.84,895.12 2 0
PeopleFlow/backend/service/erfasst123_service.go:899.3,906.35 2 0
PeopleFlow/backend/service/erfasst123_service.go:906.35,912.12 2 0
PeopleFlow/backend/service/erfasst123_service.go:914.3,921.34 4 0
PeopleFlow/backend/service/erfasst123_service.go:921.34,924.23 3 0
PeopleFlow/backend/service/erfasst123_service.go:924.23,926.5 1 0
PeopleFlow/backend/service/erfasst123_service.go:930.3,930.54 1 0
PeopleFlow/backend/service/erfasst123_service.go:930.54,932.23 2 0
PeopleFlow/backend/service/erfasst123_service.go:932.23,934.5 1 0
PeopleFlow/backend/service/erfasst123_service.go:938.3,938.22 1 0
PeopleFlow/backend/service/erfasst123_service.go:938.22,940.37 2 0
PeopleFlow/backend/service/erfasst123_service.go:940.37,945.5 2 0
PeopleFlow/backend/service/erfasst123_service.go:946.4,946.12 1 0
PeopleFlow/backend/service/erfasst123_service.go:950.3,950.35 1 0
PeopleFlow/backend/service/erfasst123_service.go:950.35,955.4 1 0
PeopleFlow/backend/service/erfasst123_service.go:958.3,971.32 2 0
PeopleFlow/backend/service/erfasst123_service.go:971.32,973.4 1 0
PeopleFlow/backend/service/erfasst123_service.go:976.3,976.87 1 0
PeopleFlow/backend/service/erfasst123_service.go:976.87,983.4 1 0
PeopleFlow/backend/service/erfasst123_service.go:986.3,987.90 2 0
PeopleFlow/backend/service/erfasst123_service.go:990.2,995.58 4 0
PeopleFlow/backend/service/erfasst123_service.go:995.58,998.17 2 0
PeopleFlow/backend/service/erfasst123_service.go:998.17,1000.12 2 0
PeopleFlow/backend/service/erfasst123_service.go:1004.3,1007.48 3 0
PeopleFlow/backend/service/erfasst123_service.go:1007.48,1010.36 2 0
PeopleFlow/backend/service/erfasst123_service.go:1010.36,1013.88 2 0
PeopleFlow/backend/service/erfasst123_service.go:1013.88,1018.6 3 0
PeopleFlow/backend/service/erfasst123_service.go:1021.4,1021.18 1 0
PeopleFlow/backend/service/erfasst123_service.go:1021.18,1023.5 1 0
PeopleFlow/backend/service/erfasst123_service.go:1027.3,1033.26 5 0
PeopleFlow/backend/service/erfasst123_service.go:1033.26,1038.4 1 0
PeopleFlow/backend/service/erfasst123_service.go:1041.3,1047.58 3 0
PeopleFlow/backend/service/erfasst123_service.go:1047.58,1051.36 3 0
PeopleFlow/backend/service/erfasst123_service.go:1051.36,1053.5 1 0
PeopleFlow/backend/service/erfasst123_service.go:1054.4,1054.30 1 0
PeopleFlow/backend/service/erfasst123_service.go:1058.3,1061.48 3 0
PeopleFlow/backend/service/erfasst123_service.go:1061.48,1065.4 3 0
PeopleFlow/backend/service/erfasst123_service.go:1067.3,1072.57 3 0
PeopleFlow/backend/service/erfasst123_service.go:1072.57,1075.12 2 0
PeopleFlow/backend/service/erfasst123_service.go:1078.3,1083.17 4 0
PeopleFlow/backend/service/erfasst123_service.go:1083.17,1085.4 1 0
PeopleFlow/backend/service/erfasst123_service.go:1085.9,1087.4 1 0
PeopleFlow/backend/service/erfasst123_service.go:1090.2,1099.25 7 0
PeopleFlow/backend/service/erfasst123_service.go:1102.124,1111.32 6 0
PeopleFlow/backend/service/erfasst123_service.go:1111.32,1113.21 1 0
PeopleFlow/backend/service/erfasst123_service.go:1113.21,1116.4 1 0
PeopleFlow/backend/service/erfasst123_service.go:1121.3,1124.35 3 0
PeopleFlow/backend/service/erfasst123_service.go:1124.35,1127.4 2 0
PeopleFlow/backend/service/erfasst123_service.go:1127.9,1127.42 1 0
PeopleFlow/backend/service/erfasst123_service.go:1127.42,1131.4 2 0
PeopleFlow/backend/service/erfasst123_service.go:1131.9,1131.39 1 0
PeopleFlow/backend/service/erfasst123_service.go:1131.39,1135.4 2 0
PeopleFlow/backend/service/erfasst123_service.go:1135.9,1139.4 2 0
PeopleFlow/backend/service/erfasst123_service.go:1141.3,1141.21 1 0
PeopleFlow/backend/service/erfasst123_service.go:1141.21,1142.18 1 0
PeopleFlow/backend/service/erfasst123_service.go:1142.18,1144.5 1 0
PeopleFlow/backend/service/erfasst123_service.go:1144.10,1146.5 1 0
PeopleFlow/backend/service/erfasst123_service.go:1147.4,1147.16 1 0
PeopleFlow/backend/service/erfasst123_service.go:1150.3,1150.17 1 0
PeopleFlow/backend/service/erfasst123_service.go:1150.17,1153.4 2 0
PeopleFlow/backend/service/erfasst123_service.go:1156.2,1158.23 2 0
PeopleFlow/backend/service/erfasst123_service.go:1161.101,1163.42 1 0
PeopleFlow/backend/service/erfasst123_service.go:1163.42,1164.45 1 0
PeopleFlow/backend/service/erfasst123_service.go:1164.45,1166.4 1 0
PeopleFlow/backend/service/erfasst123_service.go:1167.3,1167.49 1 0
PeopleFlow/backend/service/erfasst123_service.go:1170.2,1172.32 2 0
PeopleFlow/backend/service/erfasst123_service.go:1172.32,1176.43 2 0
PeopleFlow/backend/service/erfasst123_service.go:1176.43,1178.45 1 0
PeopleFlow/backend/service/erfasst123_service.go:1178.45,1179.13 1 0
PeopleFlow/backend/service/erfasst123_service.go:1183.4,1183.90 1 0
PeopleFlow/backend/service/erfasst123_service.go:1183.90,1191.10 3 0
PeopleFlow/backend/service/erfasst123_service.go:1195.3,1195.15 1 0
PeopleFlow/backend/service/erfasst123_service.go:1195.15,1197.4 1 0
PeopleFlow/backend/service/erfasst123_service.go:1200.2,1200.23 1 0
PeopleFlow/backend/service/erfasst123_service.go:1204.62,1217.2 3 0
PeopleFlow/backend/service/erfasst123_service.go:1220.104,1222.16 2 0
PeopleFlow/backend/service/erfasst123_service.go:1222.16,1224.3 1 0
PeopleFlow/backend/service/erfasst123_service.go:1227.2,1252.16 10 0
PeopleFlow/backend/service/erfasst123_service.go:1252.16,1254.3 1 0
PeopleFlow/backend/service/erfasst123_service.go:1256.2,1260.16 4 0
PeopleFlow/backend/service/erfasst123_service.go:1260.16,1262.3 1 0
PeopleFlow/backend/service/erfasst123_service.go:1263.2,1267.16 3 0
PeopleFlow/backend/service/erfasst123_service.go:1267.16,1269.3 1 0
PeopleFlow/backend/service/erfasst123_service.go:1271.2,1271.37 1 0
PeopleFlow/backend/service/erfasst123_service.go:1271.37,1273.3 1 0
PeopleFlow/backend/service/erfasst123_service.go:1276.2,1277.21 2 0
PeopleFlow/backend/service/erfasst123_service.go:1277.21,1279.3 1 0
PeopleFlow/backend/service/erfasst123_service.go:1279.8,1281.3 1 0
PeopleFlow/backend/service/erfasst123_service.go:1284.2,1285.56 2 0
PeopleFlow/backend/service/erfasst123_service.go:1285.56,1287.3 1 0
PeopleFlow/backend/service/erfasst123_service.go:1290.2,1296.57 3 0
PeopleFlow/backend/service/erfasst123_service.go:1296.57,1298.31 1 0
PeopleFlow/backend/service/erfasst123_service.go:1298.31,1300.18 2 0
PeopleFlow/backend/service/erfasst123_service.go:1300.18,1302.5 1 0
PeopleFlow/backend/service/erfasst123_service.go:1306.3,1306.29 1 0
PeopleFlow/backend/service/erfasst123_service.go:1306.29,1308.18 2 0
PeopleFlow/backend/service/erfasst123_service.go:1308.18,1310.5 1 0
PeopleFlow/backend/service/erfasst123_service.go:1315.2,1315.44 1 0
PeopleFlow/backend/service/erfasst123_service.go:1315.44,1317.58 2 0
PeopleFlow/backend/service/erfasst123_service.go:1317.58,1318.14 1 0
PeopleFlow/backend/service/erfasst123_service.go:1318.14,1319.10 1 0
PeopleFlow/backend/service/erfasst123_service.go:1321.4,1324.27 1 0
PeopleFlow/backend/service/erfasst123_service.go:1329.2,1332.43 3 0
PeopleFlow/backend/service/erfasst123_service.go:1336.92,1343.40 5 0
PeopleFlow/backend/service/erfasst123_service.go:1343.40,1346.3 2 0
PeopleFlow/backend/service/erfasst123_service.go:1349.2,1350.16 2 0
PeopleFlow/backend/service/erfasst123_service.go:1350.16,1352.3 1 0
PeopleFlow/backend/service/erfasst123_service.go:1354.2,1356.24 2 0
PeopleFlow/backend/service/erfasst123_service.go:1356.24,1360.3 3 0
PeopleFlow/backend/service/erfasst123_service.go:1363.2,1367.16 3 0
PeopleFlow/backend/service/erfasst123_service.go:1367.16,1369.3 1 0
PeopleFlow/backend/service/erfasst123_service.go:1371.2,1377.35 4 0
PeopleFlow/backend/service/erfasst123_service.go:1377.35,1381.29 3 0
PeopleFlow/backend/service/erfasst123_service.go:1381.29,1383.4 1 0
PeopleFlow/backend/service/erfasst123_service.go:1387.2,1394.16 6 0
PeopleFlow/backend/service/erfasst123_service.go:1394.16,1396.3 1 0
PeopleFlow/backend/service/erfasst123_service.go:1397.2,1401.16 3 0
PeopleFlow/backend/service/erfasst123_service.go:1401.16,1403.3 1 0
PeopleFlow/backend/service/erfasst123_service.go:1404.2,1410.36 3 0
PeopleFlow/backend/service/erfasst123_service.go:1410.36,1416.43 4 0
PeopleFlow/backend/service/erfasst123_service.go:1416.43,1422.25 3 0
PeopleFlow/backend/service/erfasst123_service.go:1422.25,1425.24 3 0
PeopleFlow/backend/service/erfasst123_service.go:1425.24,1427.6 1 0
PeopleFlow/backend/service/erfasst123_service.go:1431.4,1431.45 1 0
PeopleFlow/backend/service/erfasst123_service.go:1431.45,1433.24 2 0
PeopleFlow/backend/service/erfasst123_service.go:1433.24,1435.6 1 0
PeopleFlow/backend/service/erfasst123_service.go:1439.4,1439.23 1 0
PeopleFlow/backend/service/erfasst123_service.go:1439.23,1442.13 2 0
PeopleFlow/backend/service/erfasst123_service.go:1445.4,1464.21 5 0
PeopleFlow/backend/service/erfasst123_service.go:1468.2,1473.69 4 0
PeopleFlow/backend/service/erfasst123_service.go:1473.69,1476.17 2 0
PeopleFlow/backend/service/erfasst123_service.go:1476.17,1478.12 2 0
PeopleFlow/backend/service/erfasst123_service.go:1482.3,1485.60 3 0
PeopleFlow/backend/service/erfasst123_service.go:1485.60,1488.41 2 0
PeopleFlow/backend/service/erfasst123_service.go:1488.41,1494.89 3 0
PeopleFlow/backend/service/erfasst123_service.go:1494.89,1501.6 3 0
PeopleFlow/backend/service/erfasst123_service.go:1504.4,1504.18 1 0
PeopleFlow/backend/service/erfasst123_service.go:1504.18,1506.5 1 0
PeopleFlow/backend/service/erfasst123_service.go:1510.3,1519.65 6 0
PeopleFlow/backend/service/erfasst123_service.go:1519.65,1521.4 1 0
PeopleFlow/backend/service/erfasst123_service.go:1523.3,1528.57 3 0
PeopleFlow/backend/service/erfasst123_service.go:1528.57,1531.12 2 0
PeopleFlow/backend/service/erfasst123_service.go:1534.3,1535.97 2 0
PeopleFlow/backend/service/erfasst123_service.go:1538.2,1547.25 7 0
PeopleFlow/backend/service/erfasst123_service.go:1551.145,1557.16 4 0
PeopleFlow/backend/service/erfasst123_service.go:1557.16,1559.3 1 0
PeopleFlow/backend/service/erfasst123_service.go:1560.2,1561.16 2 0
PeopleFlow/backend/service/erfasst123_service.go:1561.16,1563.3 1 0
PeopleFlow/backend/service/erfasst123_service.go:1566.2,1568.16 3 0
PeopleFlow/backend/service/erfasst123_service.go:1568.16,1570.3 1 0
PeopleFlow/backend/service/erfasst123_service.go:1573.2,1576.35 3 0
PeopleFlow/backend/service/erfasst123_service.go:1576.35,1579.29 3 0
PeopleFlow/backend/service/erfasst123_service.go:1579.29,1581.4 1 0
PeopleFlow/backend/service/erfasst123_service.go:1585.2,1598.40 4 0
PeopleFlow/backend/service/erfasst123_service.go:1598.40,1600.66 1 0
PeopleFlow/backend/service/erfasst123_service.go:1600.66,1601.12 1 0
PeopleFlow/backend/service/erfasst123_service.go:1605.3,1606.34 2 0
PeopleFlow/backend/service/erfasst123_service.go:1606.34,1609.4 2 0
PeopleFlow/backend/service/erfasst123_service.go:1610.3,1610.54 1 0
PeopleFlow/backend/service/erfasst123_service.go:1610.54,1612.4 1 0
PeopleFlow/backend/service/erfasst123_service.go:1614.3,1614.22 1 0
PeopleFlow/backend/service/erfasst123_service.go:1614.22,1615.12 1 0
PeopleFlow/backend/service/erfasst123_service.go:1619.3,1626.58 2 0
PeopleFlow/backend/service/erfasst123_service.go:1626.58,1628.55 1 0
PeopleFlow/backend/service/erfasst123_service.go:1628.55,1630.5 1 0
PeopleFlow/backend/service/erfasst123_service.go:1631.4,1631.52 1 0
PeopleFlow/backend/service/erfasst123_service.go:1631.52,1633.5 1 0
PeopleFlow/backend/service/erfasst123_service.go:1634.4,1634.38 1 0
PeopleFlow/backend/service/erfasst123_service.go:1635.9,1646.4 1 0
PeopleFlow/backend/service/erfasst123_service.go:1647.3,1647.21 1 0
PeopleFlow/backend/service/erfasst123_service.go:1650.2,1656.50 4 0
PeopleFlow/backend/service/erfasst123_service.go:1656.50,1675.3 3 0
PeopleFlow/backend/service/erfasst123_service.go:1678.2,1679.58 2 0
PeopleFlow/backend/service/erfasst123_service.go:1679.58,1681.17 2 0
PeopleFlow/backend/service/erfasst123_service.go:1681.17,1683.12 2 0
PeopleFlow/backend/service/erfasst123_service.go:1687.3,1688.60 2 0
PeopleFlow/backend/service/erfasst123_service.go:1688.60,1691.47 1 0
PeopleFlow/backend/service/erfasst123_service.go:1691.47,1693.5 1 0
PeopleFlow/backend/service/erfasst123_service.go:1697.3,1700.57 3 0
PeopleFlow/backend/service/erfasst123_service.go:1700.57,1703.12 2 0
PeopleFlow/backend/service/erfasst123_service.go:1706.3,1708.67 2 0
PeopleFlow/backend/service/erfasst123_service.go:1711.2,1714.25 3 0
PeopleFlow/backend/service/erfasst123_service.go:1718.52,1723.46 3 0
PeopleFlow/backend/service/erfasst123_service.go:1723.46,1725.3 1 0
PeopleFlow/backend/service/erfasst123_service.go:1728.2,1740.39 2 0
PeopleFlow/backend/service/erfasst123_service.go:1740.39,1744.17 3 0
PeopleFlow/backend/service/erfasst123_service.go:1744.17,1746.12 2 0
PeopleFlow/backend/service/erfasst123_service.go:1749.3,1750.24 2 0
PeopleFlow/backend/service/erfasst123_service.go:1750.24,1752.4 1 0
PeopleFlow/backend/service/erfasst123_service.go:1755.2,1762.12 7 0
PeopleFlow/backend/service/erfasst123_service.go:1766.55,1768.16 2 0
PeopleFlow/backend/service/erfasst123_service.go:1768.16,1770.3 1 0
PeopleFlow/backend/service/erfasst123_service.go:1773.2,1799.36 4 0
PeopleFlow/backend/service/erfasst123_service.go:1799.36,1804.17 4 0
PeopleFlow/backend/service/erfasst123_service.go:1804.17,1806.12 2 0
PeopleFlow/backend/service/erfasst123_service.go:1809.3,1813.17 4 0
PeopleFlow/backend/service/erfasst123_service.go:1813.17,1815.12 2 0
PeopleFlow/backend/service/erfasst123_service.go:1817.3,1820.17 3 0
PeopleFlow/backend/service/erfasst123_service.go:1820.17,1822.12 2 0
PeopleFlow/backend/service/erfasst123_service.go:1825.3,1826.22 2 0
PeopleFlow/backend/service/erfasst123_service.go:1826.22,1828.4 1 0
PeopleFlow/backend/service/erfasst123_service.go:1828.9,1830.4 1 0
PeopleFlow/backend/service/erfasst123_service.go:1833.2,1833.12 1 0
PeopleFlow/backend/service/erfasst123_service.go:1837.57,1843.16 4 0
PeopleFlow/backend/service/erfasst123_service.go:1843.16,1845.3 1 0
PeopleFlow/backend/service/erfasst123_service.go:1847.2,1848.42 2 0
PeopleFlow/backend/service/erfasst123_service.go:1848.42,1849.28 1 0
PeopleFlow/backend/service/erfasst123_service.go:1849.28,1853.4 2 0
PeopleFlow/backend/service/erfasst123_service.go:1855.2,1861.16 5 0
PeopleFlow/backend/service/erfasst123_service.go:1861.16,1863.3 1 0
PeopleFlow/backend/service/erfasst123_service.go:1865.2,1866.42 2 0
PeopleFlow/backend/service/erfasst123_service.go:1866.42,1867.13 1 0
PeopleFlow/backend/service/erfasst123_service.go:1867.13,1870.4 1 0
PeopleFlow/backend/service/erfasst123_service.go:1874.2,1878.52 4 0
PeopleFlow/backend/service/erfasst123_service.go:1878.52,1879.39 1 0
PeopleFlow/backend/service/erfasst123_service.go:1879.39,1880.12 1 0
PeopleFlow/backend/service/erfasst123_service.go:1883.3,1886.45 2 0
PeopleFlow/backend/service/erfasst123_service.go:1886.45,1887.96 1 0
PeopleFlow/backend/service/erfasst123_service.go:1887.96,1893.10 4 0
PeopleFlow/backend/service/erfasst123_service.go:1898.3,1898.13 1 0
PeopleFlow/backend/service/erfasst123_service.go:1898.13,1899.46 1 0
PeopleFlow/backend/service/erfasst123_service.go:1899.46,1901.102 1 0
PeopleFlow/backend/service/erfasst123_service.go:1901.102,1907.11 4 0
PeopleFlow/backend/service/erfasst123_service.go:1912.3,1912.13 1 0
PeopleFlow/backend/service/erfasst123_service.go:1912.13,1914.4 1 0
PeopleFlow/backend/service/erfasst123_service.go:1917.2,1920.31 3 0
PeopleFlow/backend/service/erfasst123_service.go:1920.31,1922.40 2 0
PeopleFlow/backend/service/erfasst123_service.go:1922.40,1925.4 1 0
PeopleFlow/backend/service/erfasst123_service.go:1929.2,1939.16 6 0
PeopleFlow/backend/service/erfasst123_service.go:1939.16,1941.3 1 0
PeopleFlow/backend/service/erfasst123_service.go:1941.8,1945.27 2 0
PeopleFlow/backend/service/erfasst123_service.go:1945.27,1947.38 2 0
PeopleFlow/backend/service/erfasst123_service.go:1947.38,1948.15 1 0
PeopleFlow/backend/service/erfasst123_service.go:1948.15,1949.11 1 0
PeopleFlow/backend/service/erfasst123_service.go:1951.5,1954.25 1 0
PeopleFlow/backend/service/erfasst123_service.go:1959.2,1959.12 1 0
PeopleFlow/backend/service/erfasst123_service.go:1963.72,1968.16 4 0
PeopleFlow/backend/service/erfasst123_service.go:1968.16,1970.3 1 0
PeopleFlow/backend/service/erfasst123_service.go:1972.2,1975.37 3 0
PeopleFlow/backend/service/erfasst123_service.go:1975.37,1979.25 2 0
PeopleFlow/backend/service/erfasst123_service.go:1979.25,1980.12 1 0
PeopleFlow/backend/service/erfasst123_service.go:1984.3,1988.32 3 0
PeopleFlow/backend/service/erfasst123_service.go:1988.32,1993.24 3 0
PeopleFlow/backend/service/erfasst123_service.go:1993.24,1997.5 1 0
PeopleFlow/backend/service/erfasst123_service.go:2000.4,2001.56 2 0
PeopleFlow/backend/service/erfasst123_service.go:2001.56,2004.13 2 0
PeopleFlow/backend/service/erfasst123_service.go:2007.4,2007.18 1 0
PeopleFlow/backend/service/erfasst123_service.go:2011.2,2016.26 5 0
PeopleFlow/backend/service/file_service.go:22.36,25.54 2 0
PeopleFlow/backend/service/file_service.go:25.54,27.3 1 0
PeopleFlow/backend/service/file_service.go:29.2,31.3 1 0
PeopleFlow/backend/service/file_service.go:35.154,49.16 7 0
PeopleFlow/backend/service/file_service.go:49.16,51.3 1 0
PeopleFlow/backend/service/file_service.go:52.2,56.16 3 0
PeopleFlow/backend/service/file_service.go:56.16,58.3 1 0
PeopleFlow/backend/service/file_service.go:59.2,62.44 2 0
PeopleFlow/backend/service/file_service.go:62.44,64.3 1 0
PeopleFlow/backend/service/file_service.go:67.2,80.22 2 0
PeopleFlow/backend/service/file_service.go:84.57,85.20 1 0
PeopleFlow/backend/service/file_service.go:85.20,87.3 1 0
PeopleFlow/backend/service/file_service.go:90.2,90.53 1 0
PeopleFlow/backend/service/file_service.go:90.53,92.3 1 0
PeopleFlow/backend/service/file_service.go:95.2,95.44 1 0
PeopleFlow/backend/service/file_service.go:95.44,97.3 1 0
PeopleFlow/backend/service/file_service.go:99.2,99.12 1 0
PeopleFlow/backend/service/file_service.go:103.59,105.2 1 0
PeopleFlow/backend/service/file_service.go:108.105,123.16 7 0
PeopleFlow/backend/service/file_service.go:123.16,125.3 1 0
PeopleFlow/backend/service/file_service.go:128.2,129.16 2 0
PeopleFlow/backend/service/file_service.go:129.16,131.3 1 0
PeopleFlow/backend/service/file_service.go:132.2,136.16 3 0
PeopleFlow/backend/service/file_service.go:136.16,138.3 1 0
PeopleFlow/backend/service/file_service.go:139.2,142.44 2 0
PeopleFlow/backend/service/file_service.go:142.44,144.3 1 0
PeopleFlow/backend/service/file_service.go:146.2,146.26 1 0
PeopleFlow/backend/service/holidayService.go:19.42,21.2 1 0
PeopleFlow/backend/service/holidayService.go:24.65,35.2 5 0
PeopleFlow/backend/service/holidayService.go:38.91,44.38 4 0
PeopleFlow/backend/service/holidayService.go:44.38,46.47 1 0
PeopleFlow/backend/service/holidayService.go:46.47,47.58 1 0
PeopleFlow/backend/service/holidayService.go:47.58,49.10 2 0
PeopleFlow/backend/service/holidayService.go:54.2,54.22 1 0
PeopleFlow/backend/service/holidayService.go:58.82,61.35 2 0
PeopleFlow/backend/service/holidayService.go:61.35,62.69 1 0
PeopleFlow/backend/service/holidayService.go:62.69,64.4 1 0
PeopleFlow/backend/service/holidayService.go:67.2,67.14 1 0
PeopleFlow/backend/service/holidayService.go:71.89,74.35 2 0
PeopleFlow/backend/service/holidayService.go:74.35,75.69 1 0
PeopleFlow/backend/service/holidayService.go:75.69,77.4 1 0
PeopleFlow/backend/service/holidayService.go:80.2,80.11 1 0
PeopleFlow/backend/service/holidayService.go:84.63,142.2 1 0
PeopleFlow/backend/service/holidayService.go:145.83,173.2 1 0
PeopleFlow/backend/service/holidayService.go:176.62,194.2 15 0
PeopleFlow/backend/service/holidayService.go:197.69,203.23 3 0
PeopleFlow/backend/service/holidayService.go:203.23,205.3 1 0
PeopleFlow/backend/service/holidayService.go:206.2,214.22 4 0
PeopleFlow/backend/service/holidayService.go:219.105,225.35 5 0
PeopleFlow/backend/service/holidayService.go:225.35,227.3 1 0
PeopleFlow/backend/service/holidayService.go:229.2,230.63 2 0
PeopleFlow/backend/service/holidayService.go:230.63,232.65 1 0
PeopleFlow/backend/service/holidayService.go:232.65,233.12 1 0
PeopleFlow/backend/service/holidayService.go:237.3,237.41 1 0
PeopleFlow/backend/service/holidayService.go:237.41,238.12 1 0
PeopleFlow/backend/service/holidayService.go:241.3,241.16 1 0
PeopleFlow/backend/service/holidayService.go:244.2,244.20 1 0
PeopleFlow/backend/service/holidayService.go:248.107,249.30 1 0
PeopleFlow/backend/service/holidayService.go:249.30,251.3 1 0
PeopleFlow/backend/service/holidayService.go:254.2,258.49 4 0
PeopleFlow/backend/service/holidayService.go:258.49,260.36 2 0
PeopleFlow/backend/service/holidayService.go:260.36,262.4 1 0
PeopleFlow/backend/service/holidayService.go:265.2,266.64 2 0
PeopleFlow/backend/service/holidayService.go:266.64,268.65 1 0
PeopleFlow/backend/service/holidayService.go:268.65,269.12 1 0
PeopleFlow/backend/service/holidayService.go:273.3,273.41 1 0
PeopleFlow/backend/service/holidayService.go:273.41,274.12 1 0
PeopleFlow/backend/service/holidayService.go:277.3,277.16 1 0
PeopleFlow/backend/service/holidayService.go:280.2,280.20 1 0
PeopleFlow/backend/service/hrService.go:14.32,16.2 1 0
PeopleFlow/backend/service/hrService.go:55.92,75.32 7 0
PeopleFlow/backend/service/hrService.go:75.32,77.21 1 0
PeopleFlow/backend/service/hrService.go:78.35,81.50 3 0
PeopleFlow/backend/service/hrService.go:82.36,84.42 2 0
PeopleFlow/backend/service/hrService.go:85.35,88.38 2 0
PeopleFlow/backend/service/hrService.go:89.37,91.40 2 0
PeopleFlow/backend/service/hrService.go:95.3,95.27 1 0
PeopleFlow/backend/service/hrService.go:95.27,97.4 1 0
PeopleFlow/backend/service/hrService.go:100.3,100.39 1 0
PeopleFlow/backend/service/hrService.go:100.39,102.4 1 0
PeopleFlow/backend/service/hrService.go:105.3,105.38 1 0
PeopleFlow/backend/service/hrService.go:105.38,107.32 2 0
PeopleFlow/backend/service/hrService.go:107.32,109.5 1 0
PeopleFlow/backend/service/hrService.go:113.3,120.41 6 0
PeopleFlow/backend/service/hrService.go:124.2,138.26 9 0
PeopleFlow/backend/service/hrService.go:138.26,142.3 3 0
PeopleFlow/backend/service/hrService.go:144.2,144.13 1 0
PeopleFlow/backend/service/hrService.go:148.59,149.24 1 0
PeopleFlow/backend/service/hrService.go:149.24,151.3 1 0
PeopleFlow/backend/service/hrService.go:152.2,154.106 3 0
PeopleFlow/backend/service/hrService.go:154.106,156.3 1 0
PeopleFlow/backend/service/hrService.go:157.2,157.12 1 0
PeopleFlow/backend/service/hrService.go:161.49,162.14 1 0
PeopleFlow/backend/service/hrService.go:162.14,164.3 1 0
PeopleFlow/backend/service/hrService.go:164.8,164.21 1 0
PeopleFlow/backend/service/hrService.go:164.21,166.3 1 0
PeopleFlow/backend/service/hrService.go:166.8,166.21 1 0
PeopleFlow/backend/service/hrService.go:166.21,168.3 1 0
PeopleFlow/backend/service/hrService.go:168.8,168.21 1 0
PeopleFlow/backend/service/hrService.go:168.21,170.3 1 0
PeopleFlow/backend/service/hrService.go:170.8,170.21 1 0
PeopleFlow/backend/service/hrService.go:170.21,172.3 1 0
PeopleFlow/backend/service/hrService.go:173.2,173.17 1 0
PeopleFlow/backend/service/hrService.go:177.65,179.2 1 0
PeopleFlow/backend/service/hrService.go:182.65,184.2 1 0
PeopleFlow/backend/service/hrService.go:187.59,188.16 1 0
PeopleFlow/backend/service/hrService.go:188.16,190.3 1 0
PeopleFlow/backend/service/hrService.go:190.8,190.23 1 0
PeopleFlow/backend/service/hrService.go:190.23,192.3 1 0
PeopleFlow/backend/service/hrService.go:192.8,192.23 1 0
PeopleFlow/backend/service/hrService.go:192.23,194.3 1 0
PeopleFlow/backend/service/hrService.go:194.8,194.24 1 0
PeopleFlow/backend/service/hrService.go:194.24,196.3 1 0
PeopleFlow/backend/service/hrService.go:197.2,197.23 1 0
PeopleFlow/backend/service/hrService.go:201.79,204.32 2 0
PeopleFlow/backend/service/hrService.go:204.32,205.47 1 0
PeopleFlow/backend/service/hrService.go:205.47,206.12 1 0
PeopleFlow/backend/service/hrService.go:210.3,211.53 2 0
PeopleFlow/backend/service/hrService.go:211.53,213.4 1 0
PeopleFlow/backend/service/hrService.go:216.2,216.17 1 0
PeopleFlow/backend/service/hrService.go:220.78,223.32 2 0
PeopleFlow/backend/service/hrService.go:223.32,224.47 1 0
PeopleFlow/backend/service/hrService.go:224.47,225.12 1 0
PeopleFlow/backend/service/hrService.go:229.3,230.27 2 0
PeopleFlow/backend/service/hrService.go:230.27,232.4 1 0
PeopleFlow/backend/service/hrService.go:235.2,235.16 1 0
PeopleFlow/backend/service/hrService.go:239.80,240.25 1 0
PeopleFlow/backend/service/hrService.go:240.25,242.3 1 0
PeopleFlow/backend/service/hrService.go:245.2,246.32 2 0
PeopleFlow/backend/service/hrService.go:246.32,247.49 1 0
PeopleFlow/backend/service/hrService.go:247.49,249.4 1 0
PeopleFlow/backend/service/hrService.go:252.2,252.58 1 0
PeopleFlow/backend/service/hrService.go:256.91,257.31 1 0
PeopleFlow/backend/service/hrService.go:257.31,259.3 1 0
PeopleFlow/backend/service/hrService.go:261.2,262.38 2 0
PeopleFlow/backend/service/hrService.go:262.38,264.3 1 0
PeopleFlow/backend/service/hrService.go:266.2,266.52 1 0
PeopleFlow/backend/service/hrService.go:270.93,281.38 5 0
PeopleFlow/backend/service/hrService.go:281.38,283.3 1 0
PeopleFlow/backend/service/hrService.go:285.2,285.46 1 0
PeopleFlow/backend/service/hrService.go:285.46,287.3 1 0
PeopleFlow/backend/service/hrService.go:289.2,289.35 1 0
PeopleFlow/backend/service/hrService.go:289.35,292.3 2 0
PeopleFlow/backend/service/hrService.go:294.2,294.21 1 0
PeopleFlow/backend/service/hrService.go:298.91,305.37 4 0
PeopleFlow/backend/service/hrService.go:305.37,306.65 1 0
PeopleFlow/backend/service/hrService.go:306.65,309.4 2 0
PeopleFlow/backend/service/hrService.go:312.2,312.21 1 0
PeopleFlow/backend/service/hrService.go:316.85,323.36 4 0
PeopleFlow/backend/service/hrService.go:323.36,324.64 1 0
PeopleFlow/backend/service/hrService.go:324.64,327.4 2 0
PeopleFlow/backend/service/hrService.go:330.2,330.21 1 0
PeopleFlow/backend/service/hrService.go:334.91,341.42 4 0
PeopleFlow/backend/service/hrService.go:341.42,342.70 1 0
PeopleFlow/backend/service/hrService.go:342.70,345.4 2 0
PeopleFlow/backend/service/hrService.go:348.2,348.21 1 0
PeopleFlow/backend/service/timeAccountService.go:34.50,40.2 1 0
PeopleFlow/backend/service/timeAccountService.go:43.91,44.36 1 0
PeopleFlow/backend/service/timeAccountService.go:44.36,49.3 3 0
PeopleFlow/backend/service/timeAccountService.go:52.2,54.16 3 0
PeopleFlow/backend/service/timeAccountService.go:54.16,56.3 1 0
PeopleFlow/backend/service/timeAccountService.go:58.2,66.31 5 0
PeopleFlow/backend/service/timeAccountService.go:66.31,68.3 1 0
PeopleFlow/backend/service/timeAccountService.go:69.2,69.40 1 0
PeopleFlow/backend/service/timeAccountService.go:69.40,71.3 1 0
PeopleFlow/backend/service/timeAccountService.go:73.2,73.34 1 0
PeopleFlow/backend/service/timeAccountService.go:73.34,83.33 5 0
PeopleFlow/backend/service/timeAccountService.go:83.33,86.4 2 0
PeopleFlow/backend/service/timeAccountService.go:89.3,110.53 6 0
PeopleFlow/backend/service/timeAccountService.go:114.2,118.40 4 0
PeopleFlow/backend/service/timeAccountService.go:123.150,126.22 2 0
PeopleFlow/backend/service/timeAccountService.go:126.22,128.3 1 0
PeopleFlow/backend/service/timeAccountService.go:130.2,131.21 2 0
PeopleFlow/backend/service/timeAccountService.go:131.21,133.3 1 0
PeopleFlow/backend/service/timeAccountService.go:136.2,143.81 5 0
PeopleFlow/backend/service/timeAccountService.go:143.81,145.63 1 0
PeopleFlow/backend/service/timeAccountService.go:145.63,147.44 1 0
PeopleFlow/backend/service/timeAccountService.go:147.44,149.13 2 0
PeopleFlow/backend/service/timeAccountService.go:153.4,153.45 1 0
PeopleFlow/backend/service/timeAccountService.go:153.45,155.13 2 0
PeopleFlow/backend/service/timeAccountService.go:159.4,159.23 1 0
PeopleFlow/backend/service/timeAccountService.go:164.2,164.72 1 0
PeopleFlow/backend/service/timeAccountService.go:164.72,168.3 2 0
PeopleFlow/backend/service/timeAccountService.go:172.2,172.48 1 0
PeopleFlow/backend/service/timeAccountService.go:176.100,177.44 1 0
PeopleFlow/backend/service/timeAccountService.go:177.44,179.35 1 0
PeopleFlow/backend/service/timeAccountService.go:179.35,180.12 1 0
PeopleFlow/backend/service/timeAccountService.go:184.3,184.70 1 0
PeopleFlow/backend/service/timeAccountService.go:184.70,187.4 1 0
PeopleFlow/backend/service/timeAccountService.go:190.2,190.14 1 0
PeopleFlow/backend/service/timeAccountService.go:195.138,198.2 1 0
PeopleFlow/backend/service/timeAccountService.go:201.121,205.16 3 0
PeopleFlow/backend/service/timeAccountService.go:205.16,207.3 1 0
PeopleFlow/backend/service/timeAccountService.go:210.2,214.21 3 0
PeopleFlow/backend/service/timeAccountService.go:214.21,216.3 1 0
PeopleFlow/backend/service/timeAccountService.go:218.2,218.72 1 0
PeopleFlow/backend/service/timeAccountService.go:218.72,222.3 2 0
PeopleFlow/backend/service/timeAccountService.go:224.2,224.42 1 0
PeopleFlow/backend/service/timeAccountService.go:229.146,235.35 5 0
PeopleFlow/backend/service/timeAccountService.go:235.35,237.3 1 0
PeopleFlow/backend/service/timeAccountService.go:239.2,240.63 2 0
PeopleFlow/backend/service/timeAccountService.go:240.63,242.65 1 0
PeopleFlow/backend/service/timeAccountService.go:242.65,243.12 1 0
PeopleFlow/backend/service/timeAccountService.go:247.3,247.41 1 0
PeopleFlow/backend/service/timeAccountService.go:247.41,248.12 1 0
PeopleFlow/backend/service/timeAccountService.go:252.3,252.44 1 0
PeopleFlow/backend/service/timeAccountService.go:252.44,253.12 1 0
PeopleFlow/backend/service/timeAccountService.go:256.3,256.16 1 0
PeopleFlow/backend/service/timeAccountService.go:259.2,259.20 1 0
PeopleFlow/backend/service/timeAccountService.go:263.70,265.16 2 0
PeopleFlow/backend/service/timeAccountService.go:265.16,267.3 1 0
PeopleFlow/backend/service/timeAccountService.go:269.2,272.37 3 0
PeopleFlow/backend/service/timeAccountService.go:272.37,274.37 1 0
PeopleFlow/backend/service/timeAccountService.go:274.37,275.12 1 0
PeopleFlow/backend/service/timeAccountService.go:278.3,279.17 2 0
PeopleFlow/backend/service/timeAccountService.go:279.17,281.4 1 0
PeopleFlow/backend/service/timeAccountService.go:281.9,283.4 1 0
PeopleFlow/backend/service/timeAccountService.go:286.2,286.21 1 0
PeopleFlow/backend/service/timeAccountService.go:286.21,288.3 1 0
PeopleFlow/backend/service/timeAccountService.go:290.2,290.12 1 0
PeopleFlow/backend/service/timeAccountService.go:294.110,296.16 2 0
PeopleFlow/backend/service/timeAccountService.go:296.16,298.3 1 0
PeopleFlow/backend/service/timeAccountService.go:301.2,305.45 4 0
PeopleFlow/backend/service/timeAccountService.go:305.45,307.3 1 0
PeopleFlow/backend/service/timeAccountService.go:309.2,309.55 1 0
PeopleFlow/backend/service/timeAccountService.go:309.55,311.3 1 0
PeopleFlow/backend/service/timeAccountService.go:313.2,313.41 1 0
PeopleFlow/backend/service/timeAccountService.go:313.41,315.3 1 0
PeopleFlow/backend/service/timeAccountService.go:317.2,329.21 2 0
PeopleFlow/backend/service/timeAccountService.go:333.89,335.70 1 0
PeopleFlow/backend/service/timeAccountService.go:335.70,337.3 1 0
PeopleFlow/backend/service/timeAccountService.go:340.2,340.45 1 0
PeopleFlow/backend/service/timeAccountService.go:340.45,342.3 1 0
PeopleFlow/backend/service/timeAccountService.go:344.2,344.13 1 0
PeopleFlow/backend/service/timeAccountService.go:348.99,351.16 2 0
PeopleFlow/backend/service/timeAccountService.go:351.16,353.3 1 0
PeopleFlow/backend/service/timeAccountService.go:355.2,362.49 5 0
PeopleFlow/backend/service/timeAccountService.go:362.49,364.40 2 0
PeopleFlow/backend/service/timeAccountService.go:364.40,366.71 1 0
PeopleFlow/backend/service/timeAccountService.go:366.71,368.5 1 0
PeopleFlow/backend/service/timeAccountService.go:372.2,372.22 1 0
PeopleFlow/backend/service/timeAccountService.go:376.116,379.36 2 0
PeopleFlow/backend/service/timeAccountService.go:379.36,382.42 2 0
PeopleFlow/backend/service/timeAccountService.go:382.42,384.4 1 0
PeopleFlow/backend/service/timeAccountService.go:386.3,386.63 1 0
PeopleFlow/backend/service/timeAccountService.go:389.2,389.19 1 0
PeopleFlow/backend/service/timeAccountService.go:393.130,397.16 3 0
PeopleFlow/backend/service/timeAccountService.go:397.16,399.3 1 0
PeopleFlow/backend/service/timeAccountService.go:402.2,403.45 2 0
PeopleFlow/backend/service/timeAccountService.go:403.45,404.66 1 0
PeopleFlow/backend/service/timeAccountService.go:404.66,406.4 1 0
PeopleFlow/backend/service/timeAccountService.go:409.2,409.29 1 0
PeopleFlow/backend/service/timeAccountService.go:409.29,411.3 1 0
PeopleFlow/backend/service/timeAccountService.go:414.2,417.45 3 0
PeopleFlow/backend/service/timeAccountService.go:417.45,423.33 3 0
PeopleFlow/backend/service/timeAccountService.go:423.33,425.4 1 0
PeopleFlow/backend/service/timeAccountService.go:428.3,429.33 2 0
PeopleFlow/backend/service/timeAccountService.go:432.2,432.27 1 0
PeopleFlow/backend/service/timeAccountService.go:436.96,440.16 3 0
PeopleFlow/backend/service/timeAccountService.go:440.16,442.3 1 0
PeopleFlow/backend/service/timeAccountService.go:444.2,444.79 1 0
PeopleFlow/backend/service/timeAccountService.go:448.78,449.25 1 0
PeopleFlow/backend/service/timeAccountService.go:449.25,451.3 1 0
PeopleFlow/backend/service/timeAccountService.go:453.2,453.25 1 0
PeopleFlow/backend/service/timeAccountService.go:453.25,455.3 1 0
PeopleFlow/backend/service/timeAccountService.go:457.2,457.42 1 0
PeopleFlow/backend/service/timeAccountService.go:457.42,459.3 1 0
PeopleFlow/backend/service/timeAccountService.go:462.2,462.34 1 0
PeopleFlow/backend/service/timeAccountService.go:462.34,464.3 1 0
PeopleFlow/backend/service/timeAccountService.go:466.2,466.12 1 0
PeopleFlow/backend/service/timeAccountService.go:471.137,475.16 3 0
PeopleFlow/backend/service/timeAccountService.go:475.16,477.3 1 0
PeopleFlow/backend/service/timeAccountService.go:479.2,482.72 3 0
PeopleFlow/backend/service/timeAccountService.go:482.72,486.3 2 0
PeopleFlow/backend/service/timeAccountService.go:488.2,488.47 1 0
PeopleFlow/backend/service/timeAccountService.go:493.148,494.30 1 0
PeopleFlow/backend/service/timeAccountService.go:494.30,496.3 1 0
PeopleFlow/backend/service/timeAccountService.go:499.2,503.49 4 0
PeopleFlow/backend/service/timeAccountService.go:503.49,505.36 2 0
PeopleFlow/backend/service/timeAccountService.go:505.36,507.4 1 0
PeopleFlow/backend/service/timeAccountService.go:510.2,511.64 2 0
PeopleFlow/backend/service/timeAccountService.go:511.64,513.65 1 0
PeopleFlow/backend/service/timeAccountService.go:513.65,514.12 1 0
PeopleFlow/backend/service/timeAccountService.go:518.3,518.41 1 0
PeopleFlow/backend/service/timeAccountService.go:518.41,519.12 1 0
PeopleFlow/backend/service/timeAccountService.go:523.3,523.44 1 0
PeopleFlow/backend/service/timeAccountService.go:523.44,524.12 1 0
PeopleFlow/backend/service/timeAccountService.go:527.3,527.16 1 0
PeopleFlow/backend/service/timeAccountService.go:530.2,530.20 1 0
PeopleFlow/backend/service/timeAccountService.go:534.86,536.16 2 0
PeopleFlow/backend/service/timeAccountService.go:536.16,538.3 1 0
PeopleFlow/backend/service/timeAccountService.go:540.2,544.37 4 0
PeopleFlow/backend/service/timeAccountService.go:544.37,545.37 1 0
PeopleFlow/backend/service/timeAccountService.go:545.37,546.12 1 0
PeopleFlow/backend/service/timeAccountService.go:549.3,554.18 4 0
PeopleFlow/backend/service/timeAccountService.go:554.18,556.4 1 0
PeopleFlow/backend/service/timeAccountService.go:556.9,556.25 1 0
PeopleFlow/backend/service/timeAccountService.go:556.25,558.4 1 0
PeopleFlow/backend/service/timeAccountService.go:558.9,560.4 1 0
PeopleFlow/backend/service/timeAccountService.go:563.2,564.27 2 0
PeopleFlow/backend/service/timeAccountService.go:564.27,566.3 1 0
PeopleFlow/backend/service/timeAccountService.go:568.2,578.24 2 0
PeopleFlow/backend/service/timebutler_service.go:24.48,28.2 1 0
PeopleFlow/backend/service/timebutler_service.go:31.61,33.49 1 0
PeopleFlow/backend/service/timebutler_service.go:33.49,35.3 1 0
PeopleFlow/backend/service/timebutler_service.go:38.2,38.75 1 0
PeopleFlow/backend/service/timebutler_service.go:38.75,40.3 1 0
PeopleFlow/backend/service/timebutler_service.go:43.2,43.67 1 0
PeopleFlow/backend/service/timebutler_service.go:47.65,57.16 6 0
PeopleFlow/backend/service/timebutler_service.go:57.16,59.3 1 0
PeopleFlow/backend/service/timebutler_service.go:61.2,64.16 3 0
PeopleFlow/backend/service/timebutler_service.go:64.16,66.3 1 0
PeopleFlow/backend/service/timebutler_service.go:67.2,69.37 2 0
PeopleFlow/backend/service/timebutler_service.go:69.37,71.3 1 0
PeopleFlow/backend/service/timebutler_service.go:73.2,73.12 1 0
PeopleFlow/backend/service/timebutler_service.go:77.56,79.16 2 0
PeopleFlow/backend/service/timebutler_service.go:79.16,81.3 1 0
PeopleFlow/backend/service/timebutler_service.go:83.2,92.16 6 0
PeopleFlow/backend/service/timebutler_service.go:92.16,94.3 1 0
PeopleFlow/backend/service/timebutler_service.go:96.2,99.16 3 0
PeopleFlow/backend/service/timebutler_service.go:99.16,101.3 1 0
PeopleFlow/backend/service/timebutler_service.go:102.2,104.37 2 0
PeopleFlow/backend/service/timebutler_service.go:104.37,106.3 1 0
[...]
PeopleFlow/backend/handler/timetracking_handler.go:378.54,379.13 1 0
PeopleFlow/backend/handler/timetracking_handler.go:383.4,383.55 1 0
PeopleFlow/backend/handler/timetracking_handler.go:383.55,384.13 1 0
PeopleFlow/backend/handler/timetracking_handler.go:388.4,394.39 7 0
PeopleFlow/backend/handler/timetracking_handler.go:399.2,402.37 4 0
PeopleFlow/backend/handler/timetracking_handler.go:405.67,407.16 2 0
PeopleFlow/backend/handler/timetracking_handler.go:407.16,410.3 2 0
PeopleFlow/backend/handler/timetracking_handler.go:412.2,415.4 1 0
PeopleFlow/backend/handler/timetracking_handler.go:418.74,422.16 3 0
PeopleFlow/backend/handler/timetracking_handler.go:422.16,425.3 2 0
PeopleFlow/backend/handler/timetracking_handler.go:427.2,430.4 1 0
PeopleFlow/backend/handler/userHandler.go:20.36,24.2 1 0
PeopleFlow/backend/handler/userHandler.go:27.49,34.16 4 0
PeopleFlow/backend/handler/userHandler.go:34.16,41.3 2 0
PeopleFlow/backend/handler/userHandler.go:44.2,53.4 1 0
PeopleFlow/backend/handler/userHandler.go:57.55,70.2 3 0
PeopleFlow/backend/handler/userHandler.go:73.47,95.16 8 0
PeopleFlow/backend/handler/userHandler.go:95.16,102.3 2 0
PeopleFlow/backend/handler/userHandler.go:105.2,120.57 5 0
PeopleFlow/backend/handler/userHandler.go:124.56,129.16 3 0
PeopleFlow/backend/handler/userHandler.go:129.16,136.3 2 0
PeopleFlow/backend/handler/userHandler.go:139.2,150.4 3 0
PeopleFlow/backend/handler/userHandler.go:154.50,159.16 3 0
PeopleFlow/backend/handler/userHandler.go:159.16,166.3 2 0
PeopleFlow/backend/handler/userHandler.go:169.2,175.23 5 0
PeopleFlow/backend/handler/userHandler.go:175.23,178.3 2 0
PeopleFlow/backend/handler/userHandler.go:181.2,182.48 2 0
PeopleFlow/backend/handler/userHandler.go:182.48,185.3 2 0
PeopleFlow/backend/handler/userHandler.go:187.2,191.16 3 0
PeopleFlow/backend/handler/userHandler.go:191.16,198.3 2 0
PeopleFlow/backend/handler/userHandler.go:201.2,216.48 5 0
PeopleFlow/backend/handler/userHandler.go:216.48,218.3 1 0
PeopleFlow/backend/handler/userHandler.go:218.8,220.3 1 0
PeopleFlow/backend/handler/userHandler.go:224.50,229.16 3 0
PeopleFlow/backend/handler/userHandler.go:229.16,232.3 2 0
PeopleFlow/backend/handler/userHandler.go:235.2,236.16 2 0
PeopleFlow/backend/handler/userHandler.go:236.16,239.3 2 0
PeopleFlow/backend/handler/userHandler.go:242.2,257.75 5 0
PeopleFlow/backend/handler/userHandler.go:261.55,275.2 3 0
PeopleFlow/backend/handler/userHandler.go:278.54,284.16 3 0
PeopleFlow/backend/handler/userHandler.go:284.16,291.3 2 0
PeopleFlow/backend/handler/userHandler.go:294.2,299.42 4 0
PeopleFlow/backend/handler/userHandler.go:299.42,306.3 2 0
PeopleFlow/backend/handler/userHandler.go:309.2,309.36 1 0
PeopleFlow/backend/handler/userHandler.go:309.36,316.3 2 0
PeopleFlow/backend/handler/userHandler.go:319.2,319.26 1 0
PeopleFlow/backend/handler/userHandler.go:319.26,326.3 2 0
PeopleFlow/backend/handler/userHandler.go:329.2,331.16 3 0
PeopleFlow/backend/handler/userHandler.go:331.16,338.3 2 0
PeopleFlow/backend/handler/userHandler.go:341.2,343.16 3 0
PeopleFlow/backend/handler/userHandler.go:343.16,350.3 2 0
PeopleFlow/backend/handler/userHandler.go:353.2,353.67 1 0
PeopleFlow/backend/handler/userHandler.go:357.52,370.16 8 0
PeopleFlow/backend/handler/userHandler.go:370.16,373.3 1 0
PeopleFlow/backend/handler/userHandler.go:376.2,391.19 3 0
PeopleFlow/backend/handler/userHandler.go:391.19,393.3 1 0
PeopleFlow/backend/handler/userHandler.go:396.2,396.22 1 0
PeopleFlow/backend/handler/userHandler.go:396.22,398.3 1 0
PeopleFlow/backend/handler/userHandler.go:401.2,401.41 1 0
PeopleFlow/backend/handler/userHandler.go:401.41,403.17 2 0
PeopleFlow/backend/handler/userHandler.go:403.17,405.4 1 0
PeopleFlow/backend/handler/userHandler.go:406.3,407.34 2 0
PeopleFlow/backend/handler/userHandler.go:410.2,410.46 1 0
PeopleFlow/backend/model/activity.go:46.39,47.12 1 1
PeopleFlow/backend/model/activity.go:52.75,53.14 1 1
PeopleFlow/backend/model/activity.go:54.10,55.15 1 1
PeopleFlow/backend/model/activity.go:60.46,61.12 1 1
PeopleFlow/backend/model/activity.go:62.40,63.15 1 1
PeopleFlow/backend/model/activity.go:64.10,65.14 1 1
PeopleFlow/backend/model/activity.go:70.42,71.12 1 1
PeopleFlow/backend/model/activity.go:72.33,73.36 1 1
PeopleFlow/backend/model/activity.go:74.35,75.36 1 1
PeopleFlow/backend/model/activity.go:76.35,77.33 1 1
PeopleFlow/backend/model/activity.go:78.37,79.28 1 1
PeopleFlow/backend/model/activity.go:80.36,81.28 1 1
PeopleFlow/backend/model/activity.go:82.36,83.28 1 1
PeopleFlow/backend/model/activity.go:84.36,85.34 1 1
PeopleFlow/backend/model/activity.go:86.36,87.32 1 1
PeopleFlow/backend/model/activity.go:88.40,89.39 1 1
PeopleFlow/backend/model/activity.go:90.10,91.33 1 1
PeopleFlow/backend/model/activity.go:96.41,97.12 1 1
PeopleFlow/backend/model/activity.go:98.33,99.21 1 1
PeopleFlow/backend/model/activity.go:100.35,101.21 1 1
PeopleFlow/backend/model/activity.go:102.35,103.22 1 1
PeopleFlow/backend/model/activity.go:104.97,105.20 1 1
PeopleFlow/backend/model/activity.go:106.36,107.17 1 1
PeopleFlow/backend/model/activity.go:108.36,109.16 1 1
PeopleFlow/backend/model/activity.go:110.40,111.20 1 1
PeopleFlow/backend/model/activity.go:112.10,113.20 1 1
PeopleFlow/backend/model/activity.go:118.40,121.28 2 1
PeopleFlow/backend/model/activity.go:121.28,123.3 1 1
PeopleFlow/backend/model/activity.go:123.8,123.33 1 1
PeopleFlow/backend/model/activity.go:123.33,125.19 2 1
PeopleFlow/backend/model/activity.go:125.19,127.4 1 1
PeopleFlow/backend/model/activity.go:128.3,128.48 1 1
PeopleFlow/backend/model/activity.go:129.8,129.36 1 1
PeopleFlow/backend/model/activity.go:129.36,131.17 2 1
PeopleFlow/backend/model/activity.go:131.17,133.4 1 1
PeopleFlow/backend/model/activity.go:134.3,134.46 1 1
PeopleFlow/backend/model/activity.go:135.8,135.39 1 1
PeopleFlow/backend/model/activity.go:135.39,137.16 2 1
PeopleFlow/backend/model/activity.go:137.16,139.4 1 1
PeopleFlow/backend/model/activity.go:140.3,140.43 1 1
PeopleFlow/backend/model/activity.go:141.8,141.40 1 1
PeopleFlow/backend/model/activity.go:141.40,143.18 2 1
PeopleFlow/backend/model/activity.go:143.18,145.4 1 1
PeopleFlow/backend/model/activity.go:146.3,146.47 1 1
PeopleFlow/backend/model/activity.go:147.8,149.17 2 1
PeopleFlow/backend/model/activity.go:149.17,151.4 1 1
PeopleFlow/backend/model/activity.go:152.3,152.45 1 1
PeopleFlow/backend/model/activity.go:157.42,158.16 1 1
PeopleFlow/backend/model/activity.go:159.33,160.26 1 1
PeopleFlow/backend/model/activity.go:161.35,162.25 1 1
PeopleFlow/backend/model/activity.go:163.35,164.24 1 1
PeopleFlow/backend/model/activity.go:165.37,166.27 1 1
PeopleFlow/backend/model/activity.go:167.36,168.26 1 1
PeopleFlow/backend/model/activity.go:169.36,170.24 1 1
PeopleFlow/backend/model/activity.go:171.36,172.27 1 1
PeopleFlow/backend/model/activity.go:173.36,174.25 1 1
PeopleFlow/backend/model/activity.go:175.40,176.25 1 1
PeopleFlow/backend/model/activity.go:177.105,178.27 1 1
PeopleFlow/backend/model/activity.go:179.79,180.27 1 1
PeopleFlow/backend/model/activity.go:181.10,182.25 1 1
PeopleFlow/backend/model/activity.go:187.40,188.16 1 1
PeopleFlow/backend/model/activity.go:189.33,190.183 1 1
PeopleFlow/backend/model/activity.go:191.35,192.287 1 1
PeopleFlow/backend/model/activity.go:193.35,194.293 1 1
PeopleFlow/backend/model/activity.go:195.97,196.255 1 1
PeopleFlow/backend/model/activity.go:197.36,198.212 1 1
PeopleFlow/backend/model/activity.go:199.36,200.252 1 1
PeopleFlow/backend/model/activity.go:201.40,202.760 1 1
PeopleFlow/backend/model/activity.go:203.105,204.326 1 0
PeopleFlow/backend/model/activity.go:205.79,206.236 1 1
PeopleFlow/backend/model/activity.go:207.10,208.226 1 0
PeopleFlow/backend/model/activity.go:214.37,215.23 1 1
PeopleFlow/backend/model/activity.go:215.23,217.3 1 1
PeopleFlow/backend/model/activity.go:219.2,219.23 1 1
PeopleFlow/backend/model/activity.go:219.23,221.3 1 1
PeopleFlow/backend/model/activity.go:223.2,223.52 1 1
PeopleFlow/backend/model/activity.go:223.52,225.3 1 1
PeopleFlow/backend/model/activity.go:227.2,227.25 1 1
PeopleFlow/backend/model/activity.go:227.25,229.3 1 0
PeopleFlow/backend/model/activity.go:231.2,231.12 1 1
PeopleFlow/backend/model/employee.go:137.48,138.11 1 1
PeopleFlow/backend/model/employee.go:139.29,140.20 1 1
PeopleFlow/backend/model/employee.go:141.29,142.20 1 1
PeopleFlow/backend/model/employee.go:143.29,144.21 1 1
PeopleFlow/backend/model/employee.go:145.27,146.29 1 1
PeopleFlow/backend/model/employee.go:147.26,148.25 1 1
PeopleFlow/backend/model/employee.go:149.29,150.23 1 1
PeopleFlow/backend/model/employee.go:151.31,152.21 1 1
PeopleFlow/backend/model/employee.go:153.10,154.19 1 1
PeopleFlow/backend/model/employee.go:267.52,268.31 1 1
PeopleFlow/backend/model/employee.go:268.31,270.3 1 1
PeopleFlow/backend/model/employee.go:271.2,271.62 1 1
PeopleFlow/backend/model/employee.go:275.46,277.2 1 1
PeopleFlow/backend/model/employee.go:280.55,281.32 1 1
PeopleFlow/backend/model/employee.go:281.32,283.3 1 1
PeopleFlow/backend/model/employee.go:285.2,287.30 2 1
PeopleFlow/backend/model/employee.go:287.30,289.3 1 1
PeopleFlow/backend/model/employee.go:291.2,291.27 1 1
PeopleFlow/backend/model/employee.go:291.27,293.3 1 1
PeopleFlow/backend/model/employee.go:295.2,295.20 1 1
PeopleFlow/backend/model/employee.go:299.51,300.32 1 1
PeopleFlow/backend/model/employee.go:300.32,302.3 1 1
PeopleFlow/backend/model/employee.go:303.2,303.30 1 1
PeopleFlow/backend/model/employee.go:307.51,308.28 1 1
PeopleFlow/backend/model/employee.go:308.28,310.3 1 1
PeopleFlow/backend/model/employee.go:311.2,311.51 1 1
PeopleFlow/backend/model/employee.go:315.47,316.27 1 1
PeopleFlow/backend/model/employee.go:316.27,318.3 1 1
PeopleFlow/backend/model/employee.go:318.8,318.34 1 1
PeopleFlow/backend/model/employee.go:318.34,320.3 1 1
PeopleFlow/backend/model/employee.go:321.2,321.18 1 1
PeopleFlow/backend/model/employee.go:325.50,327.51 2 1
PeopleFlow/backend/model/employee.go:327.51,328.38 1 1
PeopleFlow/backend/model/employee.go:328.38,330.4 1 1
PeopleFlow/backend/model/employee.go:332.2,332.14 1 1
PeopleFlow/backend/model/employee.go:336.57,338.2 1 1
PeopleFlow/backend/model/employee.go:341.59,343.18 2 1
PeopleFlow/backend/model/employee.go:343.18,345.3 1 1
PeopleFlow/backend/model/employee.go:346.2,346.41 1 1
PeopleFlow/backend/model/employee.go:350.66,352.51 2 1
PeopleFlow/backend/model/employee.go:352.51,353.38 1 1
PeopleFlow/backend/model/employee.go:353.38,355.4 1 1
PeopleFlow/backend/model/employee.go:357.2,357.17 1 1
PeopleFlow/backend/model/employee.go:361.60,365.2 3 1
PeopleFlow/backend/model/employee.go:368.75,379.2 4 1
PeopleFlow/backend/model/employee.go:382.62,385.2 2 1
PeopleFlow/backend/model/employee_types.go:15.39,16.12 1 0
PeopleFlow/backend/model/employee_types.go:17.114,18.14 1 0
PeopleFlow/backend/model/employee_types.go:19.10,20.15 1 0
PeopleFlow/backend/model/integration.go:24.43,26.2 1 1
PeopleFlow/backend/model/integration.go:29.70,31.2 1 1
PeopleFlow/backend/model/integration.go:34.46,35.15 1 1
PeopleFlow/backend/model/integration.go:35.15,37.3 1 1
PeopleFlow/backend/model/integration.go:39.2,39.25 1 1
PeopleFlow/backend/model/integration.go:39.25,41.3 1 1
PeopleFlow/backend/model/integration.go:43.2,44.26 2 1
PeopleFlow/backend/model/integration.go:44.26,46.3 1 1
PeopleFlow/backend/model/integration.go:46.8,46.36 1 1
PeopleFlow/backend/model/integration.go:46.36,48.17 2 1
PeopleFlow/backend/model/integration.go:48.17,50.4 1 1
PeopleFlow/backend/model/integration.go:51.3,51.61 1 1
PeopleFlow/backend/model/integration.go:52.8,54.16 2 1
PeopleFlow/backend/model/integration.go:54.16,56.4 1 1
PeopleFlow/backend/model/integration.go:57.3,57.58 1 1
PeopleFlow/backend/model/integration.go:62.59,63.23 1 1
PeopleFlow/backend/model/integration.go:63.23,65.3 1 1
PeopleFlow/backend/model/integration.go:66.2,66.24 1 1
PeopleFlow/backend/model/integration.go:70.59,71.23 1 1
PeopleFlow/backend/model/integration.go:71.23,73.3 1 1
PeopleFlow/backend/model/integration.go:74.2,74.25 1 1
PeopleFlow/backend/model/integration.go:78.52,79.23 1 1
PeopleFlow/backend/model/integration.go:79.23,81.3 1 1
PeopleFlow/backend/model/integration.go:82.2,83.15 2 1
PeopleFlow/backend/model/overtime_adjustment.go:39.50,40.13 1 1
PeopleFlow/backend/model/overtime_adjustment.go:42.65,43.14 1 1
PeopleFlow/backend/model/overtime_adjustment.go:44.10,45.15 1 1
PeopleFlow/backend/model/overtime_adjustment.go:50.53,51.13 1 1
PeopleFlow/backend/model/overtime_adjustment.go:52.36,53.30 1 1
PeopleFlow/backend/model/overtime_adjustment.go:54.40,55.21 1 1
PeopleFlow/backend/model/overtime_adjustment.go:56.39,57.21 1 1
PeopleFlow/backend/model/overtime_adjustment.go:58.36,59.22 1 1
PeopleFlow/backend/model/overtime_adjustment.go:60.10,61.21 1 1
PeopleFlow/backend/model/overtime_adjustment.go:66.49,68.2 1 1
PeopleFlow/backend/model/overtime_adjustment.go:71.48,73.2 1 1
PeopleFlow/backend/model/overtime_adjustment.go:76.49,78.2 1 1
PeopleFlow/backend/model/overtime_adjustment.go:81.59,83.2 1 1
PeopleFlow/backend/model/overtime_adjustment.go:86.52,87.19 1 1
PeopleFlow/backend/model/overtime_adjustment.go:87.19,89.3 1 1
PeopleFlow/backend/model/overtime_adjustment.go:90.2,90.46 1 1
PeopleFlow/backend/model/overtime_adjustment.go:94.52,96.2 1 1
PeopleFlow/backend/model/system_settings.go:46.46,55.2 1 1
PeopleFlow/backend/model/system_settings.go:58.38,59.12 1 1
PeopleFlow/backend/model/system_settings.go:64.19,65.14 1 1
PeopleFlow/backend/model/system_settings.go:66.10,67.15 1 1
PeopleFlow/backend/model/system_settings.go:72.41,73.12 1 1
PeopleFlow/backend/model/system_settings.go:74.30,75.30 1 1
PeopleFlow/backend/model/system_settings.go:76.19,77.18 1 1
PeopleFlow/backend/model/system_settings.go:78.19,79.18 1 1
PeopleFlow/backend/model/system_settings.go:80.24,81.23 1 1
PeopleFlow/backend/model/system_settings.go:82.19,83.18 1 1
PeopleFlow/backend/model/system_settings.go:84.20,85.19 1 1
PeopleFlow/backend/model/system_settings.go:86.19,87.18 1 1
PeopleFlow/backend/model/system_settings.go:88.34,89.34 1 1
PeopleFlow/backend/model/system_settings.go:90.26,91.25 1 1
PeopleFlow/backend/model/system_settings.go:92.31,93.31 1 1
PeopleFlow/backend/model/system_settings.go:94.27,95.27 1 1
PeopleFlow/backend/model/system_settings.go:96.21,97.20 1 1
PeopleFlow/backend/model/system_settings.go:98.20,99.19 1 1
PeopleFlow/backend/model/system_settings.go:100.26,101.26 1 1
PeopleFlow/backend/model/system_settings.go:102.30,103.30 1 1
PeopleFlow/backend/model/system_settings.go:104.23,105.22 1 1
PeopleFlow/backend/model/system_settings.go:106.10,107.20 1 1
PeopleFlow/backend/model/system_settings.go:112.56,114.2 1 1
PeopleFlow/backend/model/system_settings.go:117.52,118.33 1 1
PeopleFlow/backend/model/system_settings.go:118.33,120.3 1 1
PeopleFlow/backend/model/system_settings.go:122.2,125.42 2 1
PeopleFlow/backend/model/system_settings.go:129.44,148.2 1 1
PeopleFlow/backend/model/user.go:61.46,63.15 1 1
PeopleFlow/backend/model/user.go:63.15,64.42 1 1
PeopleFlow/backend/model/user.go:64.42,66.4 1 0
PeopleFlow/backend/model/user.go:67.3,67.43 1 1
PeopleFlow/backend/model/user.go:67.43,69.4 1 1
PeopleFlow/backend/model/user.go:70.3,70.46 1 1
PeopleFlow/backend/model/user.go:70.46,72.4 1 0
PeopleFlow/backend/model/user.go:76.2,76.18 1 1
PeopleFlow/backend/model/user.go:76.18,77.42 1 1
PeopleFlow/backend/model/user.go:77.42,79.4 1 1
PeopleFlow/backend/model/user.go:81.2,81.20 1 1
PeopleFlow/backend/model/user.go:81.20,82.44 1 1
PeopleFlow/backend/model/user.go:82.44,84.4 1 0
PeopleFlow/backend/model/user.go:87.2,87.12 1 1
PeopleFlow/backend/model/user.go:91.37,92.42 1 1
PeopleFlow/backend/model/user.go:92.42,94.3 1 1
PeopleFlow/backend/model/user.go:95.2,95.41 1 1
PeopleFlow/backend/model/user.go:95.41,97.3 1 1
PeopleFlow/backend/model/user.go:98.2,98.12 1 1
PeopleFlow/backend/model/user.go:102.38,103.38 1 1
PeopleFlow/backend/model/user.go:103.38,105.3 1 1
PeopleFlow/backend/model/user.go:108.2,109.38 2 1
PeopleFlow/backend/model/user.go:109.38,111.3 1 1
PeopleFlow/backend/model/user.go:112.2,112.12 1 1
PeopleFlow/backend/model/user.go:116.41,117.22 1 1
PeopleFlow/backend/model/user.go:117.22,119.3 1 1
PeopleFlow/backend/model/user.go:120.2,120.25 1 1
PeopleFlow/backend/model/user.go:120.25,122.3 1 1
PeopleFlow/backend/model/user.go:124.2,124.12 1 1
PeopleFlow/backend/model/user.go:128.37,129.16 1 1
PeopleFlow/backend/model/user.go:130.62,131.13 1 1
PeopleFlow/backend/model/user.go:132.10,133.54 1 1
PeopleFlow/backend/model/user.go:138.39,139.18 1 1
PeopleFlow/backend/model/user.go:140.36,141.13 1 1
PeopleFlow/backend/model/user.go:142.10,143.58 1 1
PeopleFlow/backend/model/user.go:148.37,149.22 1 1
PeopleFlow/backend/model/user.go:149.22,151.3 1 1
PeopleFlow/backend/model/user.go:153.2,154.16 2 1
PeopleFlow/backend/model/user.go:154.16,156.3 1 0
PeopleFlow/backend/model/user.go:158.2,160.12 3 1
PeopleFlow/backend/model/user.go:164.52,165.20 1 1
PeopleFlow/backend/model/user.go:165.20,167.3 1 1
PeopleFlow/backend/model/user.go:170.2,170.26 1 1
PeopleFlow/backend/model/user.go:170.26,173.3 2 1
PeopleFlow/backend/model/user.go:176.2,176.22 1 1
PeopleFlow/backend/model/user.go:176.22,179.3 2 0
PeopleFlow/backend/model/user.go:181.2,181.14 1 1
PeopleFlow/backend/model/user.go:185.37,187.2 1 1
PeopleFlow/backend/model/user.go:190.40,192.20 2 1
PeopleFlow/backend/model/user.go:192.20,194.3 1 1
PeopleFlow/backend/model/user.go:195.2,195.16 1 1
PeopleFlow/backend/model/user.go:199.32,201.2 1 1
PeopleFlow/backend/model/user.go:204.31,206.2 1 1
PeopleFlow/backend/model/user.go:209.33,211.2 1 1
PeopleFlow/backend/model/user.go:214.28,216.2 1 1
PeopleFlow/backend/model/user.go:219.34,221.2 1 1
PeopleFlow/backend/model/user.go:224.48,225.29 1 1
PeopleFlow/backend/model/user.go:225.29,226.21 1 1
PeopleFlow/backend/model/user.go:226.21,228.4 1 1
PeopleFlow/backend/model/user.go:230.2,230.14 1 1
PeopleFlow/backend/model/user.go:234.53,236.17 1 1
PeopleFlow/backend/model/user.go:236.17,238.3 1 1
PeopleFlow/backend/model/user.go:241.2,241.69 1 1
PeopleFlow/backend/model/user.go:241.69,243.3 1 1
PeopleFlow/backend/model/user.go:246.2,246.41 1 1
PeopleFlow/backend/model/user.go:246.41,248.3 1 1
PeopleFlow/backend/model/user.go:251.2,251.30 1 1
PeopleFlow/backend/model/user.go:255.37,257.2 1 1
PeopleFlow/backend/model/user.go:260.33,262.2 1 1
PeopleFlow/backend/model/user.go:265.30,266.20 1 1
PeopleFlow/backend/model/user.go:266.20,268.3 1 1
PeopleFlow/backend/model/user.go:269.2,269.18 1 1
PeopleFlow/backend/model/user.go:269.18,271.3 1 1
PeopleFlow/backend/model/user.go:272.2,273.26 2 1
PeopleFlow/backend/model/user.go:273.26,275.3 1 1
PeopleFlow/backend/model/user.go:276.2,276.19 1 1
PeopleFlow/backend/model/user.go:280.41,284.42 3 1
PeopleFlow/backend/model/user.go:284.42,286.3 1 0
PeopleFlow/backend/model/user.go:288.2,288.41 1 1
PeopleFlow/backend/model/user.go:288.41,290.3 1 0
PeopleFlow/backend/model/user.go:292.2,292.12 1 1
PeopleFlow/backend/model/user.go:296.41,300.41 3 1
PeopleFlow/backend/model/user.go:300.41,302.3 1 0
PeopleFlow/backend/model/user.go:305.2,305.22 1 1
PeopleFlow/backend/model/user.go:305.22,306.42 1 1
PeopleFlow/backend/model/user.go:306.42,308.4 1 0
PeopleFlow/backend/model/user.go:311.2,311.12 1 1
PeopleFlow/backend/model/user.go:315.44,316.16 1 1
PeopleFlow/backend/model/user.go:317.17,318.25 1 1
PeopleFlow/backend/model/user.go:319.19,320.19 1 1
PeopleFlow/backend/model/user.go:321.14,322.30 1 1
PeopleFlow/backend/model/user.go:323.30,324.23 1 1
PeopleFlow/backend/model/user.go:325.10,326.24 1 0
PeopleFlow/backend/model/user.go:331.46,332.18 1 1
PeopleFlow/backend/model/user.go:333.20,334.17 1 1
PeopleFlow/backend/model/user.go:335.22,336.19 1 1
PeopleFlow/backend/model/user.go:337.10,338.26 1 0
PeopleFlow/backend/model/user.go:343.48,356.25 2 1
PeopleFlow/backend/model/user.go:356.25,358.3 1 1
PeopleFlow/backend/model/user.go:360.2,360.24 1 1
PeopleFlow/backend/model/user.go:360.24,362.3 1 1
PeopleFlow/backend/model/user.go:364.2,364.15 1 1
